[0198:019C][2024-03-21T15:27:57]i001: Burn v3.10.4.4718, Windows v10.0 (Build 19043: Service Pack 0), path: C:\windows\temp\{F06F50CB-98B1-4F04-8614-FC1D53EA477F}\.cr\vc_redist.x64.exe
[0198:019C][2024-03-21T15:27:57]i009: Command Line: '"-burn.clean.room=C:\Program Files\Genshin Impact\vc_redist.x64.exe" -burn.filehandle.attached=156 -burn.filehandle.self=160'
[0198:019C][2024-03-21T15:27:57]i000: Setting string variable 'WixBundleOriginalSource' to value 'C:\Program Files\Genshin Impact\vc_redist.x64.exe'
[0198:019C][2024-03-21T15:27:57]i000: Setting string variable 'WixBundleOriginalSourceFolder' to value 'C:\Program Files\Genshin Impact\'
[0198:019C][2024-03-21T15:27:57]i000: Setting string variable 'WixBundleLog' to value 'C:\users\mi\Temp\dd_vcredist_amd64_20240321152757.log'
[0198:019C][2024-03-21T15:27:57]i000: Setting string variable 'WixBundleName' to value 'Microsoft Visual C++ 2015-2019 Redistributable (x64) - 14.27.29016'
[0198:019C][2024-03-21T15:27:57]i000: Setting string variable 'WixBundleManufacturer' to value 'Microsoft Corporation'
[0198:01A8][2024-03-21T15:27:57]i000: Setting version variable 'WixBundleFileVersion' to value '14.27.29016.0'
[0198:019C][2024-03-21T15:27:57]i100: Detect begin, 10 packages
[0198:019C][2024-03-21T15:27:57]i000: Setting version variable 'windows_uCRT_DetectKey' to value '10.0.14393.2247'
[0198:019C][2024-03-21T15:27:57]i000: Setting numeric variable 'windows_uCRT_DetectKeyExists' to value 1
[0198:019C][2024-03-21T15:27:57]i052: Condition '(VersionNT = v6.3 AND NOT VersionNT64) AND (windows_uCRT_DetectKeyExists AND windows_uCRT_DetectKey >= v10.0.10240.0)' evaluates to false.
[0198:019C][2024-03-21T15:27:57]i052: Condition '(VersionNT = v6.3 AND VersionNT64) AND (windows_uCRT_DetectKeyExists AND windows_uCRT_DetectKey >= v10.0.10240.0)' evaluates to false.
[0198:019C][2024-03-21T15:27:57]i052: Condition '(VersionNT = v6.2 AND NOT VersionNT64) AND (windows_uCRT_DetectKeyExists AND windows_uCRT_DetectKey >= v10.0.10240.0)' evaluates to false.
[0198:019C][2024-03-21T15:27:57]i052: Condition '(VersionNT = v6.2 AND VersionNT64) AND (windows_uCRT_DetectKeyExists AND windows_uCRT_DetectKey >= v10.0.10240.0)' evaluates to false.
[0198:019C][2024-03-21T15:27:57]i052: Condition '(VersionNT = v6.1 AND NOT VersionNT64) AND (windows_uCRT_DetectKeyExists AND windows_uCRT_DetectKey >= v10.0.10240.0)' evaluates to false.
[0198:019C][2024-03-21T15:27:57]i052: Condition '(VersionNT = v6.1 AND VersionNT64) AND (windows_uCRT_DetectKeyExists AND windows_uCRT_DetectKey >= v10.0.10240.0)' evaluates to false.
[0198:019C][2024-03-21T15:27:57]i052: Condition '(VersionNT = v6.0 AND NOT VersionNT64) AND (windows_uCRT_DetectKeyExists AND windows_uCRT_DetectKey >= v10.0.10240.0)' evaluates to false.
[0198:019C][2024-03-21T15:27:57]i052: Condition '(VersionNT = v6.0 AND VersionNT64) AND (windows_uCRT_DetectKeyExists AND windows_uCRT_DetectKey >= v10.0.10240.0)' evaluates to false.
[0198:019C][2024-03-21T15:27:57]i101: Detected package: Windows81_x86, state: Absent, cached: None
[0198:019C][2024-03-21T15:27:57]i101: Detected package: Windows81_x64, state: Absent, cached: None
[0198:019C][2024-03-21T15:27:57]i101: Detected package: Windows8_x86, state: Absent, cached: None
[0198:019C][2024-03-21T15:27:57]i101: Detected package: Windows8_x64, state: Absent, cached: None
[0198:019C][2024-03-21T15:27:57]i101: Detected package: Windows7_MSU_x86, state: Absent, cached: None
[0198:019C][2024-03-21T15:27:57]i101: Detected package: Windows7_MSU_x64, state: Absent, cached: None
[0198:019C][2024-03-21T15:27:57]i101: Detected package: WindowsVista_MSU_x86, state: Absent, cached: None
[0198:019C][2024-03-21T15:27:57]i101: Detected package: WindowsVista_MSU_x64, state: Absent, cached: None
[0198:019C][2024-03-21T15:27:57]i101: Detected package: vcRuntimeMinimum_x64, state: Absent, cached: None
[0198:019C][2024-03-21T15:27:57]i101: Detected package: vcRuntimeAdditional_x64, state: Absent, cached: None
[0198:019C][2024-03-21T15:27:57]i052: Condition 'VersionNT64 >= v6.0 OR (VersionNT64 = v5.2 AND ServicePackLevel >= 1)' evaluates to true.
[0198:019C][2024-03-21T15:27:57]i199: Detect complete, result: 0x0
[0198:01A8][2024-03-21T15:27:59]i000: Setting numeric variable 'EulaAcceptCheckbox' to value 1
[0198:019C][2024-03-21T15:27:59]i200: Plan begin, 10 packages, action: Install
[0198:019C][2024-03-21T15:27:59]i052: Condition 'VersionNT = v6.3 AND NOT VersionNT64' evaluates to false.
[0198:019C][2024-03-21T15:27:59]w321: Skipping dependency registration on package with no dependency providers: Windows81_x86
[0198:019C][2024-03-21T15:27:59]i052: Condition 'VersionNT = v6.3 AND VersionNT64' evaluates to false.
[0198:019C][2024-03-21T15:27:59]w321: Skipping dependency registration on package with no dependency providers: Windows81_x64
[0198:019C][2024-03-21T15:27:59]i052: Condition 'VersionNT = v6.2 AND NOT VersionNT64' evaluates to false.
[0198:019C][2024-03-21T15:27:59]w321: Skipping dependency registration on package with no dependency providers: Windows8_x86
[0198:019C][2024-03-21T15:27:59]i052: Condition 'VersionNT = v6.2 AND VersionNT64' evaluates to false.
[0198:019C][2024-03-21T15:27:59]w321: Skipping dependency registration on package with no dependency providers: Windows8_x64
[0198:019C][2024-03-21T15:27:59]i052: Condition 'VersionNT = v6.1 AND NOT VersionNT64' evaluates to false.
[0198:019C][2024-03-21T15:27:59]w321: Skipping dependency registration on package with no dependency providers: Windows7_MSU_x86
[0198:019C][2024-03-21T15:27:59]i052: Condition 'VersionNT = v6.1 AND VersionNT64' evaluates to false.
[0198:019C][2024-03-21T15:27:59]w321: Skipping dependency registration on package with no dependency providers: Windows7_MSU_x64
[0198:019C][2024-03-21T15:27:59]i052: Condition 'VersionNT = v6.0 AND NOT VersionNT64' evaluates to false.
[0198:019C][2024-03-21T15:27:59]w321: Skipping dependency registration on package with no dependency providers: WindowsVista_MSU_x86
[0198:019C][2024-03-21T15:27:59]i052: Condition 'VersionNT = v6.0 AND VersionNT64' evaluates to false.
[0198:019C][2024-03-21T15:27:59]w321: Skipping dependency registration on package with no dependency providers: WindowsVista_MSU_x64
[0198:019C][2024-03-21T15:27:59]i052: Condition '(VersionNT64)' evaluates to true.
[0198:019C][2024-03-21T15:27:59]i000: Setting string variable 'WixBundleRollbackLog_vcRuntimeMinimum_x64' to value 'C:\users\mi\Temp\dd_vcredist_amd64_20240321152757_000_vcRuntimeMinimum_x64_rollback.log'
[0198:019C][2024-03-21T15:27:59]i000: Setting string variable 'WixBundleLog_vcRuntimeMinimum_x64' to value 'C:\users\mi\Temp\dd_vcredist_amd64_20240321152757_000_vcRuntimeMinimum_x64.log'
[0198:019C][2024-03-21T15:27:59]i052: Condition '(VersionNT64)' evaluates to true.
[0198:019C][2024-03-21T15:27:59]i000: Setting string variable 'WixBundleRollbackLog_vcRuntimeAdditional_x64' to value 'C:\users\mi\Temp\dd_vcredist_amd64_20240321152757_001_vcRuntimeAdditional_x64_rollback.log'
[0198:019C][2024-03-21T15:27:59]i000: Setting string variable 'WixBundleLog_vcRuntimeAdditional_x64' to value 'C:\users\mi\Temp\dd_vcredist_amd64_20240321152757_001_vcRuntimeAdditional_x64.log'
[0198:019C][2024-03-21T15:27:59]i201: Planned package: Windows81_x86, state: Absent, default requested: Absent, ba requested: Absent, execute: None, rollback: None, cache: No, uncache: No, dependency: None
[0198:019C][2024-03-21T15:27:59]i201: Planned package: Windows81_x64, state: Absent, default requested: Absent, ba requested: Absent, execute: None, rollback: None, cache: No, uncache: No, dependency: None
[0198:019C][2024-03-21T15:27:59]i201: Planned package: Windows8_x86, state: Absent, default requested: Absent, ba requested: Absent, execute: None, rollback: None, cache: No, uncache: No, dependency: None
[0198:019C][2024-03-21T15:27:59]i201: Planned package: Windows8_x64, state: Absent, default requested: Absent, ba requested: Absent, execute: None, rollback: None, cache: No, uncache: No, dependency: None
[0198:019C][2024-03-21T15:27:59]i201: Planned package: Windows7_MSU_x86, state: Absent, default requested: Absent, ba requested: Absent, execute: None, rollback: None, cache: No, uncache: No, dependency: None
[0198:019C][2024-03-21T15:27:59]i201: Planned package: Windows7_MSU_x64, state: Absent, default requested: Absent, ba requested: Absent, execute: None, rollback: None, cache: No, uncache: No, dependency: None
[0198:019C][2024-03-21T15:27:59]i201: Planned package: WindowsVista_MSU_x86, state: Absent, default requested: Absent, ba requested: Absent, execute: None, rollback: None, cache: No, uncache: No, dependency: None
[0198:019C][2024-03-21T15:27:59]i201: Planned package: WindowsVista_MSU_x64, state: Absent, default requested: Absent, ba requested: Absent, execute: None, rollback: None, cache: No, uncache: No, dependency: None
[0198:019C][2024-03-21T15:27:59]i201: Planned package: vcRuntimeMinimum_x64, state: Absent, default requested: Present, ba requested: Present, execute: Install, rollback: Uninstall, cache: Yes, uncache: No, dependency: Register
[0198:019C][2024-03-21T15:27:59]i201: Planned package: vcRuntimeAdditional_x64, state: Absent, default requested: Present, ba requested: Present, execute: Install, rollback: Uninstall, cache: Yes, uncache: No, dependency: Register
[0198:019C][2024-03-21T15:27:59]i299: Plan complete, result: 0x0
[0198:019C][2024-03-21T15:27:59]i300: Apply begin
[0198:019C][2024-03-21T15:27:59]i010: Launching elevated engine process.
[0198:019C][2024-03-21T15:27:59]i011: Launched elevated engine process.
[0198:019C][2024-03-21T15:27:59]i012: Connected to elevated engine.
[01AC:01B0][2024-03-21T15:28:00]i358: Pausing automatic updates.
[01AC:01B0][2024-03-21T15:28:00]i359: Paused automatic updates.
[01AC:01B0][2024-03-21T15:28:00]i360: Creating a system restore point.
[01AC:01B0][2024-03-21T15:28:00]i361: Created a system restore point.
[01AC:01B0][2024-03-21T15:28:00]i370: Session begin, registration key: SOFTWARE\Microsoft\Windows\CurrentVersion\Uninstall\{40d3fee2-b257-46c2-bdc0-cb1088d97327}, options: 0x7, disable resume: No
[01AC:01B0][2024-03-21T15:28:00]i000: Caching bundle from: 'C:\windows\Temp\{71184288-870D-487D-94F9-BAFE526FFDCC}\.be\VC_redist.x64.exe' to: 'C:\ProgramData\Package Cache\{40d3fee2-b257-46c2-bdc0-cb1088d97327}\VC_redist.x64.exe'
[01AC:01B0][2024-03-21T15:28:00]i320: Registering bundle dependency provider: VC,redist.x64,amd64,14.27,bundle, version: 14.27.29016.0
[01AC:01B0][2024-03-21T15:28:00]i371: Updating session, registration key: SOFTWARE\Microsoft\Windows\CurrentVersion\Uninstall\{40d3fee2-b257-46c2-bdc0-cb1088d97327}, resume: Active, restart initiated: No, disable resume: No
[01AC:01BC][2024-03-21T15:28:00]i305: Verified acquired payload: vcRuntimeMinimum_x64 at path: C:\ProgramData\Package Cache\.unverified\vcRuntimeMinimum_x64, moving to: C:\ProgramData\Package Cache\{E493B8F4-E300-43EC-95D0-BDF3711297EA}v14.27.29016\packages\vcRuntimeMinimum_amd64\vc_runtimeMinimum_x64.msi.
[01AC:01BC][2024-03-21T15:28:00]i305: Verified acquired payload: cab5046A8AB272BF37297BB7928664C9503 at path: C:\ProgramData\Package Cache\.unverified\cab5046A8AB272BF37297BB7928664C9503, moving to: C:\ProgramData\Package Cache\{E493B8F4-E300-43EC-95D0-BDF3711297EA}v14.27.29016\packages\vcRuntimeMinimum_amd64\cab1.cab.
[01AC:01BC][2024-03-21T15:28:00]i305: Verified acquired payload: vcRuntimeAdditional_x64 at path: C:\ProgramData\Package Cache\.unverified\vcRuntimeAdditional_x64, moving to: C:\ProgramData\Package Cache\{F07B1E25-5670-4556-9C7F-5A1966C83269}v14.27.29016\packages\vcRuntimeAdditional_amd64\vc_runtimeAdditional_x64.msi.
[01AC:01BC][2024-03-21T15:28:00]i305: Verified acquired payload: cab2C04DDC374BD96EB5C8EB8208F2C7C92 at path: C:\ProgramData\Package Cache\.unverified\cab2C04DDC374BD96EB5C8EB8208F2C7C92, moving to: C:\ProgramData\Package Cache\{F07B1E25-5670-4556-9C7F-5A1966C83269}v14.27.29016\packages\vcRuntimeAdditional_amd64\cab1.cab.
[01AC:01B0][2024-03-21T15:28:00]i301: Applying execute package: vcRuntimeMinimum_x64, action: Install, path: C:\ProgramData\Package Cache\{E493B8F4-E300-43EC-95D0-BDF3711297EA}v14.27.29016\packages\vcRuntimeMinimum_amd64\vc_runtimeMinimum_x64.msi, arguments: ' MSIFASTINSTALL="7" NOVSUI="1"'
[0198:019C][2024-03-21T15:28:00]i319: Applied execute package: vcRuntimeMinimum_x64, result: 0x0, restart: None
[01AC:01B0][2024-03-21T15:28:00]i325: Registering dependency: {40d3fee2-b257-46c2-bdc0-cb1088d97327} on package provider: Microsoft.VS.VC_RuntimeMinimumVSU_amd64,v14, package: vcRuntimeMinimum_x64
[01AC:01B0][2024-03-21T15:28:00]i301: Applying execute package: vcRuntimeAdditional_x64, action: Install, path: C:\ProgramData\Package Cache\{F07B1E25-5670-4556-9C7F-5A1966C83269}v14.27.29016\packages\vcRuntimeAdditional_amd64\vc_runtimeAdditional_x64.msi, arguments: ' MSIFASTINSTALL="7" NOVSUI="1"'
[0198:019C][2024-03-21T15:28:00]i319: Applied execute package: vcRuntimeAdditional_x64, result: 0x0, restart: None
[01AC:01B0][2024-03-21T15:28:00]i325: Registering dependency: {40d3fee2-b257-46c2-bdc0-cb1088d97327} on package provider: Microsoft.VS.VC_RuntimeAdditionalVSU_amd64,v14, package: vcRuntimeAdditional_x64
[01AC:01B0][2024-03-21T15:28:00]i372: Session end, registration key: SOFTWARE\Microsoft\Windows\CurrentVersion\Uninstall\{40d3fee2-b257-46c2-bdc0-cb1088d97327}, resume: ARP, restart: None, disable resume: No
[01AC:01B0][2024-03-21T15:28:00]i371: Updating session, registration key: SOFTWARE\Microsoft\Windows\CurrentVersion\Uninstall\{40d3fee2-b257-46c2-bdc0-cb1088d97327}, resume: ARP, restart initiated: No, disable resume: No
[0198:019C][2024-03-21T15:28:00]i399: Apply complete, result: 0x0, restart: None, ba requested restart:  No
[0198:019C][2024-03-21T15:28:04]i500: Shutting down, exit code: 0x0
[0198:019C][2024-03-21T15:28:04]i410: Variable: EulaAcceptCheckbox = 1
[0198:019C][2024-03-21T15:28:04]i410: Variable: SystemFolder = C:\windows\system32\
[0198:019C][2024-03-21T15:28:04]i410: Variable: VersionNT = 10.0.0.0
[0198:019C][2024-03-21T15:28:04]i410: Variable: VersionNT64 = 10.0.0.0
[0198:019C][2024-03-21T15:28:04]i410: Variable: windows_uCRT_DetectKey = 10.0.14393.2247
[0198:019C][2024-03-21T15:28:04]i410: Variable: windows_uCRT_DetectKeyExists = 1
[0198:019C][2024-03-21T15:28:04]i410: Variable: WixBundleAction = 5
[0198:019C][2024-03-21T15:28:04]i410: Variable: WixBundleElevated = 1
[0198:019C][2024-03-21T15:28:04]i410: Variable: WixBundleFileVersion = 14.27.29016.0
[0198:019C][2024-03-21T15:28:04]i410: Variable: WixBundleInstalled = 0
[0198:019C][2024-03-21T15:28:04]i410: Variable: WixBundleLog = C:\users\mi\Temp\dd_vcredist_amd64_20240321152757.log
[0198:019C][2024-03-21T15:28:04]i410: Variable: WixBundleLog_vcRuntimeAdditional_x64 = C:\users\mi\Temp\dd_vcredist_amd64_20240321152757_001_vcRuntimeAdditional_x64.log
[0198:019C][2024-03-21T15:28:04]i410: Variable: WixBundleLog_vcRuntimeMinimum_x64 = C:\users\mi\Temp\dd_vcredist_amd64_20240321152757_000_vcRuntimeMinimum_x64.log
[0198:019C][2024-03-21T15:28:04]i410: Variable: WixBundleManufacturer = Microsoft Corporation
[0198:019C][2024-03-21T15:28:04]i410: Variable: WixBundleName = Microsoft Visual C++ 2015-2019 Redistributable (x64) - 14.27.29016
[0198:019C][2024-03-21T15:28:04]i410: Variable: WixBundleOriginalSource = C:\Program Files\Genshin Impact\vc_redist.x64.exe
[0198:019C][2024-03-21T15:28:04]i410: Variable: WixBundleOriginalSourceFolder = C:\Program Files\Genshin Impact\
[0198:019C][2024-03-21T15:28:04]i410: Variable: WixBundleProviderKey = VC,redist.x64,amd64,14.27,bundle
[0198:019C][2024-03-21T15:28:04]i410: Variable: WixBundleRollbackLog_vcRuntimeAdditional_x64 = C:\users\mi\Temp\dd_vcredist_amd64_20240321152757_001_vcRuntimeAdditional_x64_rollback.log
[0198:019C][2024-03-21T15:28:04]i410: Variable: WixBundleRollbackLog_vcRuntimeMinimum_x64 = C:\users\mi\Temp\dd_vcredist_amd64_20240321152757_000_vcRuntimeMinimum_x64_rollback.log
[0198:019C][2024-03-21T15:28:04]i410: Variable: WixBundleSourceProcessFolder = C:\Program Files\Genshin Impact\
[0198:019C][2024-03-21T15:28:04]i410: Variable: WixBundleSourceProcessPath = C:\Program Files\Genshin Impact\vc_redist.x64.exe
[0198:019C][2024-03-21T15:28:04]i410: Variable: WixBundleTag = 
[0198:019C][2024-03-21T15:28:04]i410: Variable: WixBundleVersion = 14.27.29016.0
[0198:019C][2024-03-21T15:28:04]i007: Exit code: 0x0, restarting: No
