Initialize engine version: 2021.3.14f1 (eee1884e7226)
[Subsystems] Discovering subsystems at path Z:/Users/zhaoxinyu/Games/No_Platform/Honey.Come.v.2.00/HoneyCome_Data/UnitySubsystems
GfxDevice: creating device client; threaded=1; jobified=1
Direct3D:
    Version:  Direct3D 11.0 [level 11.1]
    Renderer: Apple M2 Max (ID=0xf0103f0)
    Vendor:   Unknown (ID=106b)
    VRAM:     32768 MB
    Driver:   30.0.14023.3004
<RI> Initializing input.
<RI> Input initialized.
d3d11: QueryInterface(IDXGISwapChain2) failed (80004002).
<RI> Touch support initialization failed: 调用尚未实现。
.
UnloadTime: 5.616600 ms
CE1852FA2EF0
UnityEngine.Logger:Log(LogType, Object)
UnityEngine.Debug:Log(Object)
SecurityAssist:CreateIrregularStringFromMacAddress()
Manager.GameSystem:.cctor()

AssetBundleManager Initialized
UnityEngine.Logger:Log(LogType, Object)
UnityEngine.Debug:Log(Object)
AssetBundleManager:Initialize(String)
UnityEngine.Object:Instantiate(T)
UnityEngine.ResourceManagement.ResourceProviders.InstantiationParameters:Instantiate(TObject)
UnityEngine.ResourceManagement.ResourceProviders.InstanceProvider:ProvideInstance(ResourceManager, AsyncOperationHandle`1, InstantiationParameters)
UnityEngine.ResourceManagement.InstanceOperation:Execute()
UnityEngine.ResourceManagement.AsyncOperations.AsyncOperationBase`1:InvokeExecute()
UnityEngine.ResourceManagement.AsyncOperations.<>c__DisplayClass58_0:<remove_CompletedTypeless>b__0(AsyncOperationHandle`1)
System.Action`1:Invoke(T)
DelegateList`1:Invoke(T)
UnityEngine.ResourceManagement.AsyncOperations.AsyncOperationBase`1:InvokeCompletionEvent()
UnityEngine.ResourceManagement.AsyncOperations.AsyncOperationBase`1:Complete(TObject, Boolean, Exception, Boolean)
UnityEngine.ResourceManagement.AsyncOperations.ProviderOperation`1:ProviderCompleted(T, Boolean, Exception)
UnityEngine.ResourceManagement.ResourceProviders.ProvideHandle:Complete(T, Boolean, Exception)
UnityEngine.ResourceManagement.ResourceProviders.InternalOp:ActionComplete(AsyncOperation)
UnityEngine.AsyncOperation:InvokeCompletionEvent()

Unloading 4 Unused Serialized files (Serialized files now loaded: 43)
Unloading 309 unused Assets to reduce memory usage. Loaded Objects now: 17233.
Total: 11.275800 ms (FindLiveObjects: 0.533100 ms CreateObjectMapping: 0.248700 ms MarkObjects: 10.168200 ms  DeleteObjects: 0.323500 ms)

Unloading 1 Unused Serialized files (Serialized files now loaded: 44)
Unloading 3 unused Assets to reduce memory usage. Loaded Objects now: 17249.
Total: 8.034500 ms (FindLiveObjects: 0.482800 ms CreateObjectMapping: 0.234600 ms MarkObjects: 7.285800 ms  DeleteObjects: 0.030200 ms)

Unloading 0 Unused Serialized files (Serialized files now loaded: 44)
Unloading 16 unused Assets to reduce memory usage. Loaded Objects now: 17236.
Total: 8.791900 ms (FindLiveObjects: 0.536500 ms CreateObjectMapping: 0.414200 ms MarkObjects: 7.815200 ms  DeleteObjects: 0.024700 ms)

Unloading 0 Unused Serialized files (Serialized files now loaded: 46)
Unloading 41 unused Assets to reduce memory usage. Loaded Objects now: 17238.
Total: 9.025600 ms (FindLiveObjects: 0.526000 ms CreateObjectMapping: 0.256700 ms MarkObjects: 8.199800 ms  DeleteObjects: 0.042100 ms)

Unloading 0 Unused Serialized files (Serialized files now loaded: 46)
Unloading 3 unused Assets to reduce memory usage. Loaded Objects now: 17239.
Total: 9.090900 ms (FindLiveObjects: 0.509000 ms CreateObjectMapping: 0.295200 ms MarkObjects: 8.263100 ms  DeleteObjects: 0.022400 ms)

Unloading 0 Unused Serialized files (Serialized files now loaded: 47)
Unloading 6 unused Assets to reduce memory usage. Loaded Objects now: 17238.
Total: 9.171100 ms (FindLiveObjects: 0.465300 ms CreateObjectMapping: 0.310400 ms MarkObjects: 8.367200 ms  DeleteObjects: 0.027200 ms)

読み込みエラー
assetBundleName：localization/01/font.unity3d	assetName：en-US
UnityEngine.Logger:Log(LogType, Object)
UnityEngine.Debug:LogWarning(Object)
ILLGames.Unity.CommonLib:LoadAsset(String, String, Boolean, String)
Localize.Translate.SelectData:.ctor(Param)
Localize.Translate.<>c:<Initialize>b__52_0(Int32)
UniRx.ReactiveProperty`1:RaiseOnNext(T&)
UniRx.ReactiveProperty`1:set_Value(T)
Localize.Translate.Manager:SetLanguage(Int32)
Manager.<Start>d__111:MoveNext()
System.Threading.ExecutionContext:RunInternal(ExecutionContext, ContextCallback, Object, Boolean)
System.Runtime.CompilerServices.MoveNextRunner:Run()
Cysharp.Threading.Tasks.UniTaskCompletionSourceCore`1:TrySetResult(TResult)
HC.<Initialize>d__55:MoveNext()
Cysharp.Threading.Tasks.UniTaskCompletionSourceCore`1:TrySetResult(TResult)
ILLGames.Serialization.<LoadListAllAsync>d__5:MoveNext()
Cysharp.Threading.Tasks.UniTaskCompletionSourceCore`1:TrySetResult(TResult)
ILLGames.Serialization.<DoLoadListAllAsync>d__9:MoveNext()
Cysharp.Threading.Tasks.Internal.PooledDelegate`1:Run(T)
UnityEngine.AsyncOperation:InvokeCompletionEvent()

KeyNotFoundException: Key=0 is no value insert
  at ILLGames.Collections.Generic.Optimized.IntKeyDictionary`1[T].ThrowKeyNotFoundException (System.Int32 key) [0x00000] in <00000000000000000000000000000000>:0 
  at ILLGames.Collections.Generic.Optimized.IntKeyDictionary`1[T].get_Item (System.Int32 key) [0x00000] in <00000000000000000000000000000000>:0 
  at HC.Dialog.HelpWindow+Initializable.Localize.Translate.InitializeSolution.IInitializable.Initialize () [0x00000] in <00000000000000000000000000000000>:0 
  at Localize.Translate.InitializeSolution.Add (Localize.Translate.InitializeSolution+IInitializable initializable) [0x00000] in <00000000000000000000000000000000>:0 
  at HC.Dialog.HelpWindow.Start () [0x00000] in <00000000000000000000000000000000>:0 
  at System.Threading.ExecutionContext.RunInternal (System.Threading.ExecutionContext executionContext, System.Threading.ContextCallback callback, System.Object state, System.Boolean preserveSyncCtx) [0x00000] in <00000000000000000000000000000000>:0 
  at System.Runtime.CompilerServices.AsyncMethodBuilderCore+MoveNextRunner.Run () [0x00000] in <00000000000000000000000000000000>:0 
  at Cysharp.Threading.Tasks.UniTaskCompletionSourceCore`1[TResult].TrySetResult (TResult result) [0x00000] in <00000000000000000000000000000000>:0 
  at Manager.GameSystem.WaitUntilSetup (System.Threading.CancellationToken cancellationToken) [0x00000] in <00000000000000000000000000000000>:0 
  at Cysharp.Threading.Tasks.UniTaskCompletionSourceCore`1[TResult].TrySetResult (TResult result) [0x00000] in <00000000000000000000000000000000>:0 
  at Cysharp.Threading.Tasks.UniTask+YieldPromise.MoveNext () [0x00000] in <00000000000000000000000000000000>:0 
  at Cysharp.Threading.Tasks.Internal.PlayerLoopRunner.RunCore () [0x00000] in <00000000000000000000000000000000>:0 
UnityEngine.Logger:LogException(Exception, Object)
UnityEngine.Debug:LogException(Exception)
HC.Dialog.Initializable:Localize.Translate.InitializeSolution.IInitializable.Initialize()
Localize.Translate.InitializeSolution:Add(IInitializable)
HC.Dialog.<Start>d__58:MoveNext()
System.Threading.ExecutionContext:RunInternal(ExecutionContext, ContextCallback, Object, Boolean)
System.Runtime.CompilerServices.MoveNextRunner:Run()
Cysharp.Threading.Tasks.UniTaskCompletionSourceCore`1:TrySetResult(TResult)
Manager.<WaitUntilSetup>d__102:MoveNext()
Cysharp.Threading.Tasks.UniTaskCompletionSourceCore`1:TrySetResult(TResult)
Cysharp.Threading.Tasks.YieldPromise:MoveNext()
Cysharp.Threading.Tasks.Internal.PlayerLoopRunner:RunCore()

KeyNotFoundException: Key=1 is no value insert
  at ILLGames.Collections.Generic.Optimized.IntKeyDictionary`1[T].ThrowKeyNotFoundException (System.Int32 key) [0x00000] in <00000000000000000000000000000000>:0 
  at ILLGames.Collections.Generic.Optimized.IntKeyDictionary`1[T].get_Item (System.Int32 key) [0x00000] in <00000000000000000000000000000000>:0 
  at HC.Dialog.HelpWindow+Initializable.Localize.Translate.InitializeSolution.IInitializable.Initialize () [0x00000] in <00000000000000000000000000000000>:0 
  at Localize.Translate.InitializeSolution.Add (Localize.Translate.InitializeSolution+IInitializable initializable) [0x00000] in <00000000000000000000000000000000>:0 
  at HC.Dialog.HelpWindow.Start () [0x00000] in <00000000000000000000000000000000>:0 
  at System.Threading.ExecutionContext.RunInternal (System.Threading.ExecutionContext executionContext, System.Threading.ContextCallback callback, System.Object state, System.Boolean preserveSyncCtx) [0x00000] in <00000000000000000000000000000000>:0 
  at System.Runtime.CompilerServices.AsyncMethodBuilderCore+MoveNextRunner.Run () [0x00000] in <00000000000000000000000000000000>:0 
  at Cysharp.Threading.Tasks.UniTaskCompletionSourceCore`1[TResult].TrySetResult (TResult result) [0x00000] in <00000000000000000000000000000000>:0 
  at Manager.GameSystem.WaitUntilSetup (System.Threading.CancellationToken cancellationToken) [0x00000] in <00000000000000000000000000000000>:0 
  at Cysharp.Threading.Tasks.UniTaskCompletionSourceCore`1[TResult].TrySetResult (TResult result) [0x00000] in <00000000000000000000000000000000>:0 
  at Cysharp.Threading.Tasks.UniTask+YieldPromise.MoveNext () [0x00000] in <00000000000000000000000000000000>:0 
  at Cysharp.Threading.Tasks.Internal.PlayerLoopRunner.RunCore () [0x00000] in <00000000000000000000000000000000>:0 
UnityEngine.Logger:LogException(Exception, Object)
UnityEngine.Debug:LogException(Exception)
HC.Dialog.Initializable:Localize.Translate.InitializeSolution.IInitializable.Initialize()
Localize.Translate.InitializeSolution:Add(IInitializable)
HC.Dialog.<Start>d__58:MoveNext()
System.Threading.ExecutionContext:RunInternal(ExecutionContext, ContextCallback, Object, Boolean)
System.Runtime.CompilerServices.MoveNextRunner:Run()
Cysharp.Threading.Tasks.UniTaskCompletionSourceCore`1:TrySetResult(TResult)
Manager.<WaitUntilSetup>d__102:MoveNext()
Cysharp.Threading.Tasks.UniTaskCompletionSourceCore`1:TrySetResult(TResult)
Cysharp.Threading.Tasks.YieldPromise:MoveNext()
Cysharp.Threading.Tasks.Internal.PlayerLoopRunner:RunCore()

KeyNotFoundException: Key=2 is no value insert
  at ILLGames.Collections.Generic.Optimized.IntKeyDictionary`1[T].ThrowKeyNotFoundException (System.Int32 key) [0x00000] in <00000000000000000000000000000000>:0 
  at ILLGames.Collections.Generic.Optimized.IntKeyDictionary`1[T].get_Item (System.Int32 key) [0x00000] in <00000000000000000000000000000000>:0 
  at HC.Dialog.HelpWindow+Initializable.Localize.Translate.InitializeSolution.IInitializable.Initialize () [0x00000] in <00000000000000000000000000000000>:0 
  at Localize.Translate.InitializeSolution.Add (Localize.Translate.InitializeSolution+IInitializable initializable) [0x00000] in <00000000000000000000000000000000>:0 
  at HC.Dialog.HelpWindow.Start () [0x00000] in <00000000000000000000000000000000>:0 
  at System.Threading.ExecutionContext.RunInternal (System.Threading.ExecutionContext executionContext, System.Threading.ContextCallback callback, System.Object state, System.Boolean preserveSyncCtx) [0x00000] in <00000000000000000000000000000000>:0 
  at System.Runtime.CompilerServices.AsyncMethodBuilderCore+MoveNextRunner.Run () [0x00000] in <00000000000000000000000000000000>:0 
  at Cysharp.Threading.Tasks.UniTaskCompletionSourceCore`1[TResult].TrySetResult (TResult result) [0x00000] in <00000000000000000000000000000000>:0 
  at Manager.GameSystem.WaitUntilSetup (System.Threading.CancellationToken cancellationToken) [0x00000] in <00000000000000000000000000000000>:0 
  at Cysharp.Threading.Tasks.UniTaskCompletionSourceCore`1[TResult].TrySetResult (TResult result) [0x00000] in <00000000000000000000000000000000>:0 
  at Cysharp.Threading.Tasks.UniTask+YieldPromise.MoveNext () [0x00000] in <00000000000000000000000000000000>:0 
  at Cysharp.Threading.Tasks.Internal.PlayerLoopRunner.RunCore () [0x00000] in <00000000000000000000000000000000>:0 
UnityEngine.Logger:LogException(Exception, Object)
UnityEngine.Debug:LogException(Exception)
HC.Dialog.Initializable:Localize.Translate.InitializeSolution.IInitializable.Initialize()
Localize.Translate.InitializeSolution:Add(IInitializable)
HC.Dialog.<Start>d__58:MoveNext()
System.Threading.ExecutionContext:RunInternal(ExecutionContext, ContextCallback, Object, Boolean)
System.Runtime.CompilerServices.MoveNextRunner:Run()
Cysharp.Threading.Tasks.UniTaskCompletionSourceCore`1:TrySetResult(TResult)
Manager.<WaitUntilSetup>d__102:MoveNext()
Cysharp.Threading.Tasks.UniTaskCompletionSourceCore`1:TrySetResult(TResult)
Cysharp.Threading.Tasks.YieldPromise:MoveNext()
Cysharp.Threading.Tasks.Internal.PlayerLoopRunner:RunCore()

KeyNotFoundException: Key=3 is no value insert
  at ILLGames.Collections.Generic.Optimized.IntKeyDictionary`1[T].ThrowKeyNotFoundException (System.Int32 key) [0x00000] in <00000000000000000000000000000000>:0 
  at ILLGames.Collections.Generic.Optimized.IntKeyDictionary`1[T].get_Item (System.Int32 key) [0x00000] in <00000000000000000000000000000000>:0 
  at HC.Dialog.HelpWindow+Initializable.Localize.Translate.InitializeSolution.IInitializable.Initialize () [0x00000] in <00000000000000000000000000000000>:0 
  at Localize.Translate.InitializeSolution.Add (Localize.Translate.InitializeSolution+IInitializable initializable) [0x00000] in <00000000000000000000000000000000>:0 
  at HC.Dialog.HelpWindow.Start () [0x00000] in <00000000000000000000000000000000>:0 
  at System.Threading.ExecutionContext.RunInternal (System.Threading.ExecutionContext executionContext, System.Threading.ContextCallback callback, System.Object state, System.Boolean preserveSyncCtx) [0x00000] in <00000000000000000000000000000000>:0 
  at System.Runtime.CompilerServices.AsyncMethodBuilderCore+MoveNextRunner.Run () [0x00000] in <00000000000000000000000000000000>:0 
  at Cysharp.Threading.Tasks.UniTaskCompletionSourceCore`1[TResult].TrySetResult (TResult result) [0x00000] in <00000000000000000000000000000000>:0 
  at Manager.GameSystem.WaitUntilSetup (System.Threading.CancellationToken cancellationToken) [0x00000] in <00000000000000000000000000000000>:0 
  at Cysharp.Threading.Tasks.UniTaskCompletionSourceCore`1[TResult].TrySetResult (TResult result) [0x00000] in <00000000000000000000000000000000>:0 
  at Cysharp.Threading.Tasks.UniTask+YieldPromise.MoveNext () [0x00000] in <00000000000000000000000000000000>:0 
  at Cysharp.Threading.Tasks.Internal.PlayerLoopRunner.RunCore () [0x00000] in <00000000000000000000000000000000>:0 
UnityEngine.Logger:LogException(Exception, Object)
UnityEngine.Debug:LogException(Exception)
HC.Dialog.Initializable:Localize.Translate.InitializeSolution.IInitializable.Initialize()
Localize.Translate.InitializeSolution:Add(IInitializable)
HC.Dialog.<Start>d__58:MoveNext()
System.Threading.ExecutionContext:RunInternal(ExecutionContext, ContextCallback, Object, Boolean)
System.Runtime.CompilerServices.MoveNextRunner:Run()
Cysharp.Threading.Tasks.UniTaskCompletionSourceCore`1:TrySetResult(TResult)
Manager.<WaitUntilSetup>d__102:MoveNext()
Cysharp.Threading.Tasks.UniTaskCompletionSourceCore`1:TrySetResult(TResult)
Cysharp.Threading.Tasks.YieldPromise:MoveNext()
Cysharp.Threading.Tasks.Internal.PlayerLoopRunner:RunCore()

KeyNotFoundException: Key=4 is no value insert
  at ILLGames.Collections.Generic.Optimized.IntKeyDictionary`1[T].ThrowKeyNotFoundException (System.Int32 key) [0x00000] in <00000000000000000000000000000000>:0 
  at ILLGames.Collections.Generic.Optimized.IntKeyDictionary`1[T].get_Item (System.Int32 key) [0x00000] in <00000000000000000000000000000000>:0 
  at HC.Dialog.HelpWindow+Initializable.Localize.Translate.InitializeSolution.IInitializable.Initialize () [0x00000] in <00000000000000000000000000000000>:0 
  at Localize.Translate.InitializeSolution.Add (Localize.Translate.InitializeSolution+IInitializable initializable) [0x00000] in <00000000000000000000000000000000>:0 
  at HC.Dialog.HelpWindow.Start () [0x00000] in <00000000000000000000000000000000>:0 
  at System.Threading.ExecutionContext.RunInternal (System.Threading.ExecutionContext executionContext, System.Threading.ContextCallback callback, System.Object state, System.Boolean preserveSyncCtx) [0x00000] in <00000000000000000000000000000000>:0 
  at System.Runtime.CompilerServices.AsyncMethodBuilderCore+MoveNextRunner.Run () [0x00000] in <00000000000000000000000000000000>:0 
  at Cysharp.Threading.Tasks.UniTaskCompletionSourceCore`1[TResult].TrySetResult (TResult result) [0x00000] in <00000000000000000000000000000000>:0 
  at Manager.GameSystem.WaitUntilSetup (System.Threading.CancellationToken cancellationToken) [0x00000] in <00000000000000000000000000000000>:0 
  at Cysharp.Threading.Tasks.UniTaskCompletionSourceCore`1[TResult].TrySetResult (TResult result) [0x00000] in <00000000000000000000000000000000>:0 
  at Cysharp.Threading.Tasks.UniTask+YieldPromise.MoveNext () [0x00000] in <00000000000000000000000000000000>:0 
  at Cysharp.Threading.Tasks.Internal.PlayerLoopRunner.RunCore () [0x00000] in <00000000000000000000000000000000>:0 
UnityEngine.Logger:LogException(Exception, Object)
UnityEngine.Debug:LogException(Exception)
HC.Dialog.Initializable:Localize.Translate.InitializeSolution.IInitializable.Initialize()
Localize.Translate.InitializeSolution:Add(IInitializable)
HC.Dialog.<Start>d__58:MoveNext()
System.Threading.ExecutionContext:RunInternal(ExecutionContext, ContextCallback, Object, Boolean)
System.Runtime.CompilerServices.MoveNextRunner:Run()
Cysharp.Threading.Tasks.UniTaskCompletionSourceCore`1:TrySetResult(TResult)
Manager.<WaitUntilSetup>d__102:MoveNext()
Cysharp.Threading.Tasks.UniTaskCompletionSourceCore`1:TrySetResult(TResult)
Cysharp.Threading.Tasks.YieldPromise:MoveNext()
Cysharp.Threading.Tasks.Internal.PlayerLoopRunner:RunCore()

KeyNotFoundException: Key=5 is no value insert
  at ILLGames.Collections.Generic.Optimized.IntKeyDictionary`1[T].ThrowKeyNotFoundException (System.Int32 key) [0x00000] in <00000000000000000000000000000000>:0 
  at ILLGames.Collections.Generic.Optimized.IntKeyDictionary`1[T].get_Item (System.Int32 key) [0x00000] in <00000000000000000000000000000000>:0 
  at HC.Dialog.HelpWindow+Initializable.Localize.Translate.InitializeSolution.IInitializable.Initialize () [0x00000] in <00000000000000000000000000000000>:0 
  at Localize.Translate.InitializeSolution.Add (Localize.Translate.InitializeSolution+IInitializable initializable) [0x00000] in <00000000000000000000000000000000>:0 
  at HC.Dialog.HelpWindow.Start () [0x00000] in <00000000000000000000000000000000>:0 
  at System.Threading.ExecutionContext.RunInternal (System.Threading.ExecutionContext executionContext, System.Threading.ContextCallback callback, System.Object state, System.Boolean preserveSyncCtx) [0x00000] in <00000000000000000000000000000000>:0 
  at System.Runtime.CompilerServices.AsyncMethodBuilderCore+MoveNextRunner.Run () [0x00000] in <00000000000000000000000000000000>:0 
  at Cysharp.Threading.Tasks.UniTaskCompletionSourceCore`1[TResult].TrySetResult (TResult result) [0x00000] in <00000000000000000000000000000000>:0 
  at Manager.GameSystem.WaitUntilSetup (System.Threading.CancellationToken cancellationToken) [0x00000] in <00000000000000000000000000000000>:0 
  at Cysharp.Threading.Tasks.UniTaskCompletionSourceCore`1[TResult].TrySetResult (TResult result) [0x00000] in <00000000000000000000000000000000>:0 
  at Cysharp.Threading.Tasks.UniTask+YieldPromise.MoveNext () [0x00000] in <00000000000000000000000000000000>:0 
  at Cysharp.Threading.Tasks.Internal.PlayerLoopRunner.RunCore () [0x00000] in <00000000000000000000000000000000>:0 
UnityEngine.Logger:LogException(Exception, Object)
UnityEngine.Debug:LogException(Exception)
HC.Dialog.Initializable:Localize.Translate.InitializeSolution.IInitializable.Initialize()
Localize.Translate.InitializeSolution:Add(IInitializable)
HC.Dialog.<Start>d__58:MoveNext()
System.Threading.ExecutionContext:RunInternal(ExecutionContext, ContextCallback, Object, Boolean)
System.Runtime.CompilerServices.MoveNextRunner:Run()
Cysharp.Threading.Tasks.UniTaskCompletionSourceCore`1:TrySetResult(TResult)
Manager.<WaitUntilSetup>d__102:MoveNext()
Cysharp.Threading.Tasks.UniTaskCompletionSourceCore`1:TrySetResult(TResult)
Cysharp.Threading.Tasks.YieldPromise:MoveNext()
Cysharp.Threading.Tasks.Internal.PlayerLoopRunner:RunCore()

KeyNotFoundException: Key=6 is no value insert
  at ILLGames.Collections.Generic.Optimized.IntKeyDictionary`1[T].ThrowKeyNotFoundException (System.Int32 key) [0x00000] in <00000000000000000000000000000000>:0 
  at ILLGames.Collections.Generic.Optimized.IntKeyDictionary`1[T].get_Item (System.Int32 key) [0x00000] in <00000000000000000000000000000000>:0 
  at HC.Dialog.HelpWindow+Initializable.Localize.Translate.InitializeSolution.IInitializable.Initialize () [0x00000] in <00000000000000000000000000000000>:0 
  at Localize.Translate.InitializeSolution.Add (Localize.Translate.InitializeSolution+IInitializable initializable) [0x00000] in <00000000000000000000000000000000>:0 
  at HC.Dialog.HelpWindow.Start () [0x00000] in <00000000000000000000000000000000>:0 
  at System.Threading.ExecutionContext.RunInternal (System.Threading.ExecutionContext executionContext, System.Threading.ContextCallback callback, System.Object state, System.Boolean preserveSyncCtx) [0x00000] in <00000000000000000000000000000000>:0 
  at System.Runtime.CompilerServices.AsyncMethodBuilderCore+MoveNextRunner.Run () [0x00000] in <00000000000000000000000000000000>:0 
  at Cysharp.Threading.Tasks.UniTaskCompletionSourceCore`1[TResult].TrySetResult (TResult result) [0x00000] in <00000000000000000000000000000000>:0 
  at Manager.GameSystem.WaitUntilSetup (System.Threading.CancellationToken cancellationToken) [0x00000] in <00000000000000000000000000000000>:0 
  at Cysharp.Threading.Tasks.UniTaskCompletionSourceCore`1[TResult].TrySetResult (TResult result) [0x00000] in <00000000000000000000000000000000>:0 
  at Cysharp.Threading.Tasks.UniTask+YieldPromise.MoveNext () [0x00000] in <00000000000000000000000000000000>:0 
  at Cysharp.Threading.Tasks.Internal.PlayerLoopRunner.RunCore () [0x00000] in <00000000000000000000000000000000>:0 
UnityEngine.Logger:LogException(Exception, Object)
UnityEngine.Debug:LogException(Exception)
HC.Dialog.Initializable:Localize.Translate.InitializeSolution.IInitializable.Initialize()
Localize.Translate.InitializeSolution:Add(IInitializable)
HC.Dialog.<Start>d__58:MoveNext()
System.Threading.ExecutionContext:RunInternal(ExecutionContext, ContextCallback, Object, Boolean)
System.Runtime.CompilerServices.MoveNextRunner:Run()
Cysharp.Threading.Tasks.UniTaskCompletionSourceCore`1:TrySetResult(TResult)
Manager.<WaitUntilSetup>d__102:MoveNext()
Cysharp.Threading.Tasks.UniTaskCompletionSourceCore`1:TrySetResult(TResult)
Cysharp.Threading.Tasks.YieldPromise:MoveNext()
Cysharp.Threading.Tasks.Internal.PlayerLoopRunner:RunCore()

KeyNotFoundException: Key=7 is no value insert
  at ILLGames.Collections.Generic.Optimized.IntKeyDictionary`1[T].ThrowKeyNotFoundException (System.Int32 key) [0x00000] in <00000000000000000000000000000000>:0 
  at ILLGames.Collections.Generic.Optimized.IntKeyDictionary`1[T].get_Item (System.Int32 key) [0x00000] in <00000000000000000000000000000000>:0 
  at HC.Dialog.HelpWindow+Initializable.Localize.Translate.InitializeSolution.IInitializable.Initialize () [0x00000] in <00000000000000000000000000000000>:0 
  at Localize.Translate.InitializeSolution.Add (Localize.Translate.InitializeSolution+IInitializable initializable) [0x00000] in <00000000000000000000000000000000>:0 
  at HC.Dialog.HelpWindow.Start () [0x00000] in <00000000000000000000000000000000>:0 
  at System.Threading.ExecutionContext.RunInternal (System.Threading.ExecutionContext executionContext, System.Threading.ContextCallback callback, System.Object state, System.Boolean preserveSyncCtx) [0x00000] in <00000000000000000000000000000000>:0 
  at System.Runtime.CompilerServices.AsyncMethodBuilderCore+MoveNextRunner.Run () [0x00000] in <00000000000000000000000000000000>:0 
  at Cysharp.Threading.Tasks.UniTaskCompletionSourceCore`1[TResult].TrySetResult (TResult result) [0x00000] in <00000000000000000000000000000000>:0 
  at Manager.GameSystem.WaitUntilSetup (System.Threading.CancellationToken cancellationToken) [0x00000] in <00000000000000000000000000000000>:0 
  at Cysharp.Threading.Tasks.UniTaskCompletionSourceCore`1[TResult].TrySetResult (TResult result) [0x00000] in <00000000000000000000000000000000>:0 
  at Cysharp.Threading.Tasks.UniTask+YieldPromise.MoveNext () [0x00000] in <00000000000000000000000000000000>:0 
  at Cysharp.Threading.Tasks.Internal.PlayerLoopRunner.RunCore () [0x00000] in <00000000000000000000000000000000>:0 
UnityEngine.Logger:LogException(Exception, Object)
UnityEngine.Debug:LogException(Exception)
HC.Dialog.Initializable:Localize.Translate.InitializeSolution.IInitializable.Initialize()
Localize.Translate.InitializeSolution:Add(IInitializable)
HC.Dialog.<Start>d__58:MoveNext()
System.Threading.ExecutionContext:RunInternal(ExecutionContext, ContextCallback, Object, Boolean)
System.Runtime.CompilerServices.MoveNextRunner:Run()
Cysharp.Threading.Tasks.UniTaskCompletionSourceCore`1:TrySetResult(TResult)
Manager.<WaitUntilSetup>d__102:MoveNext()
Cysharp.Threading.Tasks.UniTaskCompletionSourceCore`1:TrySetResult(TResult)
Cysharp.Threading.Tasks.YieldPromise:MoveNext()
Cysharp.Threading.Tasks.Internal.PlayerLoopRunner:RunCore()

KeyNotFoundException: Key=10 is no value insert
  at ILLGames.Collections.Generic.Optimized.IntKeyDictionary`1[T].ThrowKeyNotFoundException (System.Int32 key) [0x00000] in <00000000000000000000000000000000>:0 
  at ILLGames.Collections.Generic.Optimized.IntKeyDictionary`1[T].get_Item (System.Int32 key) [0x00000] in <00000000000000000000000000000000>:0 
  at HC.Dialog.HelpWindow+Initializable.Localize.Translate.InitializeSolution.IInitializable.Initialize () [0x00000] in <00000000000000000000000000000000>:0 
  at Localize.Translate.InitializeSolution.Add (Localize.Translate.InitializeSolution+IInitializable initializable) [0x00000] in <00000000000000000000000000000000>:0 
  at HC.Dialog.HelpWindow.Start () [0x00000] in <00000000000000000000000000000000>:0 
  at System.Threading.ExecutionContext.RunInternal (System.Threading.ExecutionContext executionContext, System.Threading.ContextCallback callback, System.Object state, System.Boolean preserveSyncCtx) [0x00000] in <00000000000000000000000000000000>:0 
  at System.Runtime.CompilerServices.AsyncMethodBuilderCore+MoveNextRunner.Run () [0x00000] in <00000000000000000000000000000000>:0 
  at Cysharp.Threading.Tasks.UniTaskCompletionSourceCore`1[TResult].TrySetResult (TResult result) [0x00000] in <00000000000000000000000000000000>:0 
  at Manager.GameSystem.WaitUntilSetup (System.Threading.CancellationToken cancellationToken) [0x00000] in <00000000000000000000000000000000>:0 
  at Cysharp.Threading.Tasks.UniTaskCompletionSourceCore`1[TResult].TrySetResult (TResult result) [0x00000] in <00000000000000000000000000000000>:0 
  at Cysharp.Threading.Tasks.UniTask+YieldPromise.MoveNext () [0x00000] in <00000000000000000000000000000000>:0 
  at Cysharp.Threading.Tasks.Internal.PlayerLoopRunner.RunCore () [0x00000] in <00000000000000000000000000000000>:0 
UnityEngine.Logger:LogException(Exception, Object)
UnityEngine.Debug:LogException(Exception)
HC.Dialog.Initializable:Localize.Translate.InitializeSolution.IInitializable.Initialize()
Localize.Translate.InitializeSolution:Add(IInitializable)
HC.Dialog.<Start>d__58:MoveNext()
System.Threading.ExecutionContext:RunInternal(ExecutionContext, ContextCallback, Object, Boolean)
System.Runtime.CompilerServices.MoveNextRunner:Run()
Cysharp.Threading.Tasks.UniTaskCompletionSourceCore`1:TrySetResult(TResult)
Manager.<WaitUntilSetup>d__102:MoveNext()
Cysharp.Threading.Tasks.UniTaskCompletionSourceCore`1:TrySetResult(TResult)
Cysharp.Threading.Tasks.YieldPromise:MoveNext()
Cysharp.Threading.Tasks.Internal.PlayerLoopRunner:RunCore()

Unloading 3 Unused Serialized files (Serialized files now loaded: 53)
UnloadTime: 1.550400 ms
Unloading 174 unused Assets to reduce memory usage. Loaded Objects now: 18662.
Total: 11.044200 ms (FindLiveObjects: 0.512000 ms CreateObjectMapping: 0.242300 ms MarkObjects: 10.127600 ms  DeleteObjects: 0.161300 ms)

Unloading 0 Unused Serialized files (Serialized files now loaded: 53)
Unloading 0 unused Assets to reduce memory usage. Loaded Objects now: 18662.
Total: 10.878700 ms (FindLiveObjects: 0.498100 ms CreateObjectMapping: 0.276800 ms MarkObjects: 10.089200 ms  DeleteObjects: 0.013900 ms)

Unloading 0 Unused Serialized files (Serialized files now loaded: 58)
Unloading 28 unused Assets to reduce memory usage. Loaded Objects now: 18685.
Total: 10.542400 ms (FindLiveObjects: 0.592100 ms CreateObjectMapping: 0.353700 ms MarkObjects: 9.556200 ms  DeleteObjects: 0.039500 ms)

Unloading 3 Unused Serialized files (Serialized files now loaded: 70)
UnloadTime: 1.197300 ms
Unloading 84 unused Assets to reduce memory usage. Loaded Objects now: 20266.
Total: 11.049000 ms (FindLiveObjects: 0.522100 ms CreateObjectMapping: 0.260900 ms MarkObjects: 10.073900 ms  DeleteObjects: 0.191000 ms)

Unloading 0 Unused Serialized files (Serialized files now loaded: 70)
Unloading 0 unused Assets to reduce memory usage. Loaded Objects now: 20266.
Total: 11.017100 ms (FindLiveObjects: 0.422300 ms CreateObjectMapping: 0.226800 ms MarkObjects: 10.354100 ms  DeleteObjects: 0.013200 ms)

Unloading 0 Unused Serialized files (Serialized files now loaded: 71)
Unloading 1 unused Assets to reduce memory usage. Loaded Objects now: 20332.
Total: 11.748500 ms (FindLiveObjects: 0.565500 ms CreateObjectMapping: 0.266800 ms MarkObjects: 10.884600 ms  DeleteObjects: 0.030400 ms)

Unloading 1 Unused Serialized files (Serialized files now loaded: 75)
Unloading 99 unused Assets to reduce memory usage. Loaded Objects now: 23992.
Total: 12.880500 ms (FindLiveObjects: 0.767200 ms CreateObjectMapping: 0.291900 ms MarkObjects: 11.353500 ms  DeleteObjects: 0.466800 ms)

Setting up 6 worker threads for Enlighten.
cf_a_hit_bust_size2が見つからない
UnityEngine.Logger:Log(LogType, Object)
UnityEngine.Debug:Log(Object)
ILLGames.Unity.AnimationKeyInfo.Controller:GetInfo(String, Single, Vector3&, Vector3&, Vector3&, Boolean[])
ILLGames.Unity.ShapeInfoBase:ChangeValue(Int32, Single)
Character.HumanBody:SetShapeBodyValue(Int32, Single)
Character.HumanBody:UpdateShapeBodyValueFromCustomInfo()
Character.HumanBody:Load(Transform, String)
Character.Human:Load()
Character.Human:.ctor(HumanData, Boolean, Boolean)
Manager.Game:GetOrCreateChara(Byte, String, Int32, Boolean)
HC.Scene.<LoadCharacter>d__36:MoveNext()
HC.Scene.TitleScene:LoadCharacter()
HC.Scene.<Start>d__40:MoveNext()
System.Threading.ExecutionContext:RunInternal(ExecutionContext, ContextCallback, Object, Boolean)
System.Runtime.CompilerServices.MoveNextRunner:Run()
Cysharp.Threading.Tasks.UniTaskCompletionSourceCore`1:TrySetResult(TResult)
Manager.<LoadAsync>d__35:MoveNext()
Cysharp.Threading.Tasks.UniTaskCompletionSourceCore`1:TrySetResult(TResult)
ILLGames.Unity.<LoadAssetAsync>d__6`1:MoveNext()
Cysharp.Threading.Tasks.UniTaskCompletionSourceCore`1:TrySetResult(TResult)
<LoadAssetAsync>d__33:MoveNext()
Cysharp.Threading.Tasks.Internal.PooledDelegate`1:Run(T)
UnityEngine.AsyncOperation:InvokeCompletionEvent()

Unloading 2 Unused Serialized files (Serialized files now loaded: 122)
Unloading 8582 unused Assets to reduce memory usage. Loaded Objects now: 27537.
Total: 17.372100 ms (FindLiveObjects: 1.362500 ms CreateObjectMapping: 0.503200 ms MarkObjects: 12.743400 ms  DeleteObjects: 2.761900 ms)

Unloading 6 Unused Serialized files (Serialized files now loaded: 127)
UnloadTime: 10.434900 ms
Unloading 946 unused Assets to reduce memory usage. Loaded Objects now: 26628.
Total: 41.587800 ms (FindLiveObjects: 0.976300 ms CreateObjectMapping: 0.338000 ms MarkObjects: 19.241500 ms  DeleteObjects: 21.031000 ms)

Unloading 1 Unused Serialized files (Serialized files now loaded: 127)
Unloading 0 unused Assets to reduce memory usage. Loaded Objects now: 26628.
Total: 18.581200 ms (FindLiveObjects: 0.892900 ms CreateObjectMapping: 0.319000 ms MarkObjects: 17.347100 ms  DeleteObjects: 0.021300 ms)

cf_a_hit_bust_size2が見つからない
UnityEngine.Logger:Log(LogType, Object)
UnityEngine.Debug:Log(Object)
ILLGames.Unity.AnimationKeyInfo.Controller:GetInfo(String, Single, Vector3&, Vector3&, Vector3&, Boolean[])
ILLGames.Unity.ShapeInfoBase:ChangeValue(Int32, Single)
Character.HumanBody:SetShapeBodyValue(Int32, Single)
Character.HumanBody:UpdateShapeBodyValueFromCustomInfo()
Character.HumanBody:Load(Transform, String)
Character.Human:Load()
Character.Human:.ctor(HumanData, Boolean, Boolean)
Manager.Game:GetOrCreateChara(Byte, String, Int32, Boolean)
HC.Scene.<Start>d__95:MoveNext()
System.Runtime.CompilerServices.AsyncVoidMethodBuilder:Start(TStateMachine&)
HC.Scene.HomeScene:Start()

Unloading 1 Unused Serialized files (Serialized files now loaded: 135)
Unloading 8942 unused Assets to reduce memory usage. Loaded Objects now: 30812.
Total: 20.711200 ms (FindLiveObjects: 1.393600 ms CreateObjectMapping: 0.653300 ms MarkObjects: 16.570400 ms  DeleteObjects: 2.092800 ms)

Unloading 0 Unused Serialized files (Serialized files now loaded: 131)
Unloading 1 unused Assets to reduce memory usage. Loaded Objects now: 30937.
Total: 19.114200 ms (FindLiveObjects: 1.136700 ms CreateObjectMapping: 0.507400 ms MarkObjects: 16.556700 ms  DeleteObjects: 0.912400 ms)

Unloading 1 Unused Serialized files (Serialized files now loaded: 135)
GI: material 'Standard' does not have Meta pass, and could not find default material. Object 'toon_fern00v8_00_LOD0' will not be affecting GI.
GI: material 'Standard' does not have Meta pass, and could not find default material. Object 'toon_fern00v8_00_LOD0' will not be affecting GI.
GI: material 'Standard' does not have Meta pass, and could not find default material. Object 'toon_fern00v8_00_LOD0' will not be affecting GI.
GI: material 'Standard' does not have Meta pass, and could not find default material. Object 'toon_fern00v8_00_LOD0' will not be affecting GI.
GI: material 'Standard' does not have Meta pass, and could not find default material. Object 'toon_fern00v8_00_LOD0' will not be affecting GI.
GI: material 'Standard' does not have Meta pass, and could not find default material. Object 'toon_fern00v8_00_LOD0' will not be affecting GI.
GI: material 'Standard' does not have Meta pass, and could not find default material. Object 'toon_fern00v8_00_LOD0' will not be affecting GI.
GI: material 'Standard' does not have Meta pass, and could not find default material. Object 'toon_fern00v8_00_LOD0' will not be affecting GI.
Unloading 20 unused Assets to reduce memory usage. Loaded Objects now: 32131.
Total: 20.072900 ms (FindLiveObjects: 1.152200 ms CreateObjectMapping: 0.486400 ms MarkObjects: 18.128400 ms  DeleteObjects: 0.304900 ms)

Unloading 7 Unused Serialized files (Serialized files now loaded: 114)
UnloadTime: 13.897200 ms
Unloading 416 unused Assets to reduce memory usage. Loaded Objects now: 26627.
Total: 28.063600 ms (FindLiveObjects: 1.039800 ms CreateObjectMapping: 0.461600 ms MarkObjects: 20.227600 ms  DeleteObjects: 6.333600 ms)

Unloading 2 Unused Serialized files (Serialized files now loaded: 110)
Unloading 0 unused Assets to reduce memory usage. Loaded Objects now: 26627.
Total: 19.611100 ms (FindLiveObjects: 0.880100 ms CreateObjectMapping: 0.339800 ms MarkObjects: 18.372100 ms  DeleteObjects: 0.017800 ms)

Unloading 0 Unused Serialized files (Serialized files now loaded: 110)
Unloading 0 unused Assets to reduce memory usage. Loaded Objects now: 26627.
Total: 22.308800 ms (FindLiveObjects: 1.081400 ms CreateObjectMapping: 0.447400 ms MarkObjects: 20.759400 ms  DeleteObjects: 0.019500 ms)

Unloading 1 Unused Serialized files (Serialized files now loaded: 114)
Unloading 105 unused Assets to reduce memory usage. Loaded Objects now: 30296.
Total: 21.395400 ms (FindLiveObjects: 1.108200 ms CreateObjectMapping: 0.347800 ms MarkObjects: 19.817400 ms  DeleteObjects: 0.121200 ms)

cf_a_hit_bust_size2が見つからない
UnityEngine.Logger:Log(LogType, Object)
UnityEngine.Debug:Log(Object)
ILLGames.Unity.AnimationKeyInfo.Controller:GetInfo(String, Single, Vector3&, Vector3&, Vector3&, Boolean[])
ILLGames.Unity.ShapeInfoBase:ChangeValue(Int32, Single)
Character.HumanBody:SetShapeBodyValue(Int32, Single)
Character.HumanBody:UpdateShapeBodyValueFromCustomInfo()
Character.HumanBody:RestoreBoneScale(Boolean)
Manager.Game:GetOrCreateChara(Byte, String, Int32, Boolean)
HC.Scene.Explore.<Initialize>d__36:MoveNext()
HC.Scene.Explore.Actor:Initialize(Byte, String)
HC.Scene.Explore.<Initialize>d__19:MoveNext()
HC.Scene.Explore.Heroine:Initialize(Byte, String)
HC.Scene.Explore.<Rent>d__34`1:MoveNext()
HC.Scene.Explore.Actor:Rent(Byte, String, Boolean)
HC.Scene.<LoadHeroines>d__122:MoveNext()
HC.Scene.ExploreScene:LoadHeroines()
HC.Scene.<Start>d__132:MoveNext()
System.Threading.ExecutionContext:RunInternal(ExecutionContext, ContextCallback, Object, Boolean)
System.Runtime.CompilerServices.MoveNextRunner:Run()
Cysharp.Threading.Tasks.UniTaskCompletionSourceCore`1:TrySetResult(TResult)
Manager.<LoadAsync>d__35:MoveNext()
Cysharp.Threading.Tasks.UniTaskCompletionSourceCore`1:TrySetResult(TResult)
ILLGames.Unity.<LoadAssetAsync>d__6`1:MoveNext()
Cysharp.Threading.Tasks.UniTaskCompletionSourceCore`1:TrySetResult(TResult)
<LoadAssetAsync>d__33:MoveNext()
Cysharp.Threading.Tasks.Internal.PooledDelegate`1:Run(T)
UnityEngine.AsyncOperation:InvokeCompletionEvent()

cf_a_hit_bust_size2が見つからない
UnityEngine.Logger:Log(LogType, Object)
UnityEngine.Debug:Log(Object)
ILLGames.Unity.AnimationKeyInfo.Controller:GetInfo(String, Single, Vector3&, Vector3&, Vector3&, Boolean[])
ILLGames.Unity.ShapeInfoBase:ChangeValue(Int32, Single)
Character.HumanBody:SetShapeBodyValue(Int32, Single)
Character.HumanBody:UpdateShapeBodyValueFromCustomInfo()
Character.Human:ReloadCoordinate(ReloadFlags)
Character.Human:Reload(ReloadParameter&)
Character.HumanCoordinate:ChangeCoordinateTypeAndReload(CoordinateType, Boolean)
HC.Scene.Explore.<Initialize>d__36:MoveNext()
HC.Scene.Explore.Actor:Initialize(Byte, String)
HC.Scene.Explore.<Initialize>d__19:MoveNext()
HC.Scene.Explore.Heroine:Initialize(Byte, String)
HC.Scene.Explore.<Rent>d__34`1:MoveNext()
HC.Scene.Explore.Actor:Rent(Byte, String, Boolean)
HC.Scene.<LoadHeroines>d__122:MoveNext()
HC.Scene.ExploreScene:LoadHeroines()
HC.Scene.<Start>d__132:MoveNext()
System.Threading.ExecutionContext:RunInternal(ExecutionContext, ContextCallback, Object, Boolean)
System.Runtime.CompilerServices.MoveNextRunner:Run()
Cysharp.Threading.Tasks.UniTaskCompletionSourceCore`1:TrySetResult(TResult)
Manager.<LoadAsync>d__35:MoveNext()
Cysharp.Threading.Tasks.UniTaskCompletionSourceCore`1:TrySetResult(TResult)
ILLGames.Unity.<LoadAssetAsync>d__6`1:MoveNext()
Cysharp.Threading.Tasks.UniTaskCompletionSourceCore`1:TrySetResult(TResult)
<LoadAssetAsync>d__33:MoveNext()
Cysharp.Threading.Tasks.Internal.PooledDelegate`1:Run(T)
UnityEngine.AsyncOperation:InvokeCompletionEvent()

Unloading 1 Unused Serialized files (Serialized files now loaded: 114)
Unloading 5907 unused Assets to reduce memory usage. Loaded Objects now: 30855.
Total: 24.071200 ms (FindLiveObjects: 1.435500 ms CreateObjectMapping: 0.784400 ms MarkObjects: 20.372500 ms  DeleteObjects: 1.478000 ms)

cf_a_hit_bust_size2が見つからない
UnityEngine.Logger:Log(LogType, Object)
UnityEngine.Debug:Log(Object)
ILLGames.Unity.AnimationKeyInfo.Controller:GetInfo(String, Single, Vector3&, Vector3&, Vector3&, Boolean[])
ILLGames.Unity.ShapeInfoBase:ChangeValue(Int32, Single)
Character.HumanBody:SetShapeBodyValue(Int32, Single)
Character.HumanBody:UpdateShapeBodyValueFromCustomInfo()
Character.HumanBody:Load(Transform, String)
Character.Human:Load()
Character.Human:.ctor(HumanData, Boolean, Boolean)
Manager.Game:GetOrCreateChara(Byte, String, Int32, Boolean)
HC.Scene.Explore.<Initialize>d__36:MoveNext()
HC.Scene.Explore.Actor:Initialize(Byte, String)
HC.Scene.Explore.<Initialize>d__19:MoveNext()
HC.Scene.Explore.Heroine:Initialize(Byte, String)
HC.Scene.Explore.<Rent>d__34`1:MoveNext()
HC.Scene.Explore.Actor:Rent(Byte, String, Boolean)
HC.Scene.<LoadHeroines>d__122:MoveNext()
Cysharp.Threading.Tasks.UniTaskCompletionSourceCore`1:TrySetResult(TResult)
HC.Scene.Explore.<Rent>d__34`1:MoveNext()
Cysharp.Threading.Tasks.UniTaskCompletionSourceCore`1:TrySetResult(TResult)
HC.Scene.Explore.<Initialize>d__19:MoveNext()
Cysharp.Threading.Tasks.UniTaskCompletionSourceCore`1:TrySetResult(TResult)
HC.Scene.Explore.<Initialize>d__36:MoveNext()
Cysharp.Threading.Tasks.UniTaskCompletionSourceCore`1:TrySetResult(TResult)
HC.<LoadAnimatorControllerAsync>d__73:MoveNext()
Cysharp.Threading.Tasks.UniTaskCompletionSourceCore`1:TrySetResult(TResult)
ILLGames.Unity.<LoadAssetAsync>d__6`1:MoveNext()
Cysharp.Threading.Tasks.UniTaskCompletionSourceCore`1:TrySetResult(TResult)
<LoadAssetAsync>d__33:MoveNext()
Cysharp.Threading.Tasks.Internal.PooledDelegate`1:Run(T)
UnityEngine.AsyncOperation:InvokeCompletionEvent()

Unloading 1 Unused Serialized files (Serialized files now loaded: 120)
cf_a_hit_bust_size2が見つからない
UnityEngine.Logger:Log(LogType, Object)
UnityEngine.Debug:Log(Object)
ILLGames.Unity.AnimationKeyInfo.Controller:GetInfo(String, Single, Vector3&, Vector3&, Vector3&, Boolean[])
ILLGames.Unity.ShapeInfoBase:ChangeValue(Int32, Single)
Character.HumanBody:SetShapeBodyValue(Int32, Single)
Character.HumanBody:UpdateShapeBodyValueFromCustomInfo()
Character.Human:ReloadCoordinate(ReloadFlags)
Character.Human:Reload(ReloadParameter&)
Character.HumanCoordinate:ChangeCoordinateTypeAndReload(CoordinateType, Boolean)
HC.Scene.Explore.<Initialize>d__36:MoveNext()
HC.Scene.Explore.Actor:Initialize(Byte, String)
HC.Scene.Explore.<Initialize>d__19:MoveNext()
HC.Scene.Explore.Heroine:Initialize(Byte, String)
HC.Scene.Explore.<Rent>d__34`1:MoveNext()
HC.Scene.Explore.Actor:Rent(Byte, String, Boolean)
HC.Scene.<LoadHeroines>d__122:MoveNext()
Cysharp.Threading.Tasks.UniTaskCompletionSourceCore`1:TrySetResult(TResult)
HC.Scene.Explore.<Rent>d__34`1:MoveNext()
Cysharp.Threading.Tasks.UniTaskCompletionSourceCore`1:TrySetResult(TResult)
HC.Scene.Explore.<Initialize>d__19:MoveNext()
Cysharp.Threading.Tasks.UniTaskCompletionSourceCore`1:TrySetResult(TResult)
HC.Scene.Explore.<Initialize>d__36:MoveNext()
Cysharp.Threading.Tasks.UniTaskCompletionSourceCore`1:TrySetResult(TResult)
HC.<LoadAnimatorControllerAsync>d__73:MoveNext()
Cysharp.Threading.Tasks.UniTaskCompletionSourceCore`1:TrySetResult(TResult)
ILLGames.Unity.<LoadAssetAsync>d__6`1:MoveNext()
Cysharp.Threading.Tasks.UniTaskCompletionSourceCore`1:TrySetResult(TResult)
<LoadAssetAsync>d__33:MoveNext()
Cysharp.Threading.Tasks.Internal.PooledDelegate`1:Run(T)
UnityEngine.AsyncOperation:InvokeCompletionEvent()

Unloading 9444 unused Assets to reduce memory usage. Loaded Objects now: 33171.
Total: 37.604200 ms (FindLiveObjects: 6.621000 ms CreateObjectMapping: 1.670700 ms MarkObjects: 26.785100 ms  DeleteObjects: 2.525900 ms)

Unloading 0 Unused Serialized files (Serialized files now loaded: 120)
Unloading 0 unused Assets to reduce memory usage. Loaded Objects now: 33171.
Total: 22.812500 ms (FindLiveObjects: 1.272700 ms CreateObjectMapping: 0.438700 ms MarkObjects: 21.082300 ms  DeleteObjects: 0.017800 ms)

cf_a_hit_bust_size2が見つからない
UnityEngine.Logger:Log(LogType, Object)
UnityEngine.Debug:Log(Object)
ILLGames.Unity.AnimationKeyInfo.Controller:GetInfo(String, Single, Vector3&, Vector3&, Vector3&, Boolean[])
ILLGames.Unity.ShapeInfoBase:ChangeValue(Int32, Single)
Character.HumanBody:SetShapeBodyValue(Int32, Single)
Character.HumanBody:UpdateShapeBodyValueFromCustomInfo()
Character.HumanBody:Load(Transform, String)
Character.Human:Load()
Character.Human:.ctor(HumanData, Boolean, Boolean)
Manager.Game:GetOrCreateChara(Byte, String, Int32, Boolean)
HC.Scene.Explore.<Initialize>d__36:MoveNext()
HC.Scene.Explore.Actor:Initialize(Byte, String)
HC.Scene.Explore.<Initialize>d__19:MoveNext()
HC.Scene.Explore.Heroine:Initialize(Byte, String)
HC.Scene.Explore.<Rent>d__34`1:MoveNext()
HC.Scene.Explore.Actor:Rent(Byte, String, Boolean)
HC.Scene.<LoadHeroines>d__122:MoveNext()
Cysharp.Threading.Tasks.UniTaskCompletionSourceCore`1:TrySetResult(TResult)
HC.Scene.Explore.<Rent>d__34`1:MoveNext()
Cysharp.Threading.Tasks.UniTaskCompletionSourceCore`1:TrySetResult(TResult)
HC.Scene.Explore.<Initialize>d__19:MoveNext()
Cysharp.Threading.Tasks.UniTaskCompletionSourceCore`1:TrySetResult(TResult)
HC.Scene.Explore.<Initialize>d__36:MoveNext()
Cysharp.Threading.Tasks.UniTaskCompletionSourceCore`1:TrySetResult(TResult)
HC.<LoadAnimatorControllerAsync>d__73:MoveNext()
Cysharp.Threading.Tasks.UniTaskCompletionSourceCore`1:TrySetResult(TResult)
ILLGames.Unity.<LoadAssetAsync>d__6`1:MoveNext()
Cysharp.Threading.Tasks.UniTaskCompletionSourceCore`1:TrySetResult(TResult)
<LoadAssetAsync>d__33:MoveNext()
Cysharp.Threading.Tasks.Internal.PooledDelegate`1:Run(T)
UnityEngine.AsyncOperation:InvokeCompletionEvent()

Unloading 1 Unused Serialized files (Serialized files now loaded: 121)
cf_a_hit_bust_size2が見つからない
UnityEngine.Logger:Log(LogType, Object)
UnityEngine.Debug:Log(Object)
ILLGames.Unity.AnimationKeyInfo.Controller:GetInfo(String, Single, Vector3&, Vector3&, Vector3&, Boolean[])
ILLGames.Unity.ShapeInfoBase:ChangeValue(Int32, Single)
Character.HumanBody:SetShapeBodyValue(Int32, Single)
Character.HumanBody:UpdateShapeBodyValueFromCustomInfo()
Character.Human:ReloadCoordinate(ReloadFlags)
Character.Human:Reload(ReloadParameter&)
Character.HumanCoordinate:ChangeCoordinateTypeAndReload(CoordinateType, Boolean)
HC.Scene.Explore.<Initialize>d__36:MoveNext()
HC.Scene.Explore.Actor:Initialize(Byte, String)
HC.Scene.Explore.<Initialize>d__19:MoveNext()
HC.Scene.Explore.Heroine:Initialize(Byte, String)
HC.Scene.Explore.<Rent>d__34`1:MoveNext()
HC.Scene.Explore.Actor:Rent(Byte, String, Boolean)
HC.Scene.<LoadHeroines>d__122:MoveNext()
Cysharp.Threading.Tasks.UniTaskCompletionSourceCore`1:TrySetResult(TResult)
HC.Scene.Explore.<Rent>d__34`1:MoveNext()
Cysharp.Threading.Tasks.UniTaskCompletionSourceCore`1:TrySetResult(TResult)
HC.Scene.Explore.<Initialize>d__19:MoveNext()
Cysharp.Threading.Tasks.UniTaskCompletionSourceCore`1:TrySetResult(TResult)
HC.Scene.Explore.<Initialize>d__36:MoveNext()
Cysharp.Threading.Tasks.UniTaskCompletionSourceCore`1:TrySetResult(TResult)
HC.<LoadAnimatorControllerAsync>d__73:MoveNext()
Cysharp.Threading.Tasks.UniTaskCompletionSourceCore`1:TrySetResult(TResult)
ILLGames.Unity.<LoadAssetAsync>d__6`1:MoveNext()
Cysharp.Threading.Tasks.UniTaskCompletionSourceCore`1:TrySetResult(TResult)
<LoadAssetAsync>d__33:MoveNext()
Cysharp.Threading.Tasks.Internal.PooledDelegate`1:Run(T)
UnityEngine.AsyncOperation:InvokeCompletionEvent()

Unloading 9091 unused Assets to reduce memory usage. Loaded Objects now: 35664.
Total: 23.806800 ms (FindLiveObjects: 1.677600 ms CreateObjectMapping: 0.688000 ms MarkObjects: 18.003600 ms  DeleteObjects: 3.436700 ms)

Unloading 0 Unused Serialized files (Serialized files now loaded: 121)
Unloading 0 unused Assets to reduce memory usage. Loaded Objects now: 35664.
Total: 23.657200 ms (FindLiveObjects: 1.767700 ms CreateObjectMapping: 0.466300 ms MarkObjects: 21.403000 ms  DeleteObjects: 0.019100 ms)

cf_a_hit_bust_size2が見つからない
UnityEngine.Logger:Log(LogType, Object)
UnityEngine.Debug:Log(Object)
ILLGames.Unity.AnimationKeyInfo.Controller:GetInfo(String, Single, Vector3&, Vector3&, Vector3&, Boolean[])
ILLGames.Unity.ShapeInfoBase:ChangeValue(Int32, Single)
Character.HumanBody:SetShapeBodyValue(Int32, Single)
Character.HumanBody:UpdateShapeBodyValueFromCustomInfo()
Character.HumanBody:Load(Transform, String)
Character.Human:Load()
Character.Human:.ctor(HumanData, Boolean, Boolean)
Manager.Game:GetOrCreateChara(Byte, String, Int32, Boolean)
HC.Scene.Explore.<Initialize>d__36:MoveNext()
HC.Scene.Explore.Actor:Initialize(Byte, String)
HC.Scene.Explore.<Initialize>d__19:MoveNext()
HC.Scene.Explore.Heroine:Initialize(Byte, String)
HC.Scene.Explore.<Rent>d__34`1:MoveNext()
HC.Scene.Explore.Actor:Rent(Byte, String, Boolean)
HC.Scene.<LoadHeroines>d__122:MoveNext()
Cysharp.Threading.Tasks.UniTaskCompletionSourceCore`1:TrySetResult(TResult)
HC.Scene.Explore.<Rent>d__34`1:MoveNext()
Cysharp.Threading.Tasks.UniTaskCompletionSourceCore`1:TrySetResult(TResult)
HC.Scene.Explore.<Initialize>d__19:MoveNext()
Cysharp.Threading.Tasks.UniTaskCompletionSourceCore`1:TrySetResult(TResult)
HC.Scene.Explore.<Initialize>d__36:MoveNext()
Cysharp.Threading.Tasks.UniTaskCompletionSourceCore`1:TrySetResult(TResult)
HC.<LoadAnimatorControllerAsync>d__73:MoveNext()
Cysharp.Threading.Tasks.UniTaskCompletionSourceCore`1:TrySetResult(TResult)
ILLGames.Unity.<LoadAssetAsync>d__6`1:MoveNext()
Cysharp.Threading.Tasks.UniTaskCompletionSourceCore`1:TrySetResult(TResult)
<LoadAssetAsync>d__33:MoveNext()
Cysharp.Threading.Tasks.Internal.PooledDelegate`1:Run(T)
UnityEngine.AsyncOperation:InvokeCompletionEvent()

Unloading 1 Unused Serialized files (Serialized files now loaded: 123)
cf_a_hit_bust_size2が見つからない
UnityEngine.Logger:Log(LogType, Object)
UnityEngine.Debug:Log(Object)
ILLGames.Unity.AnimationKeyInfo.Controller:GetInfo(String, Single, Vector3&, Vector3&, Vector3&, Boolean[])
ILLGames.Unity.ShapeInfoBase:ChangeValue(Int32, Single)
Character.HumanBody:SetShapeBodyValue(Int32, Single)
Character.HumanBody:UpdateShapeBodyValueFromCustomInfo()
Character.Human:ReloadCoordinate(ReloadFlags)
Character.Human:Reload(ReloadParameter&)
Character.HumanCoordinate:ChangeCoordinateTypeAndReload(CoordinateType, Boolean)
HC.Scene.Explore.<Initialize>d__36:MoveNext()
HC.Scene.Explore.Actor:Initialize(Byte, String)
HC.Scene.Explore.<Initialize>d__19:MoveNext()
HC.Scene.Explore.Heroine:Initialize(Byte, String)
HC.Scene.Explore.<Rent>d__34`1:MoveNext()
HC.Scene.Explore.Actor:Rent(Byte, String, Boolean)
HC.Scene.<LoadHeroines>d__122:MoveNext()
Cysharp.Threading.Tasks.UniTaskCompletionSourceCore`1:TrySetResult(TResult)
HC.Scene.Explore.<Rent>d__34`1:MoveNext()
Cysharp.Threading.Tasks.UniTaskCompletionSourceCore`1:TrySetResult(TResult)
HC.Scene.Explore.<Initialize>d__19:MoveNext()
Cysharp.Threading.Tasks.UniTaskCompletionSourceCore`1:TrySetResult(TResult)
HC.Scene.Explore.<Initialize>d__36:MoveNext()
Cysharp.Threading.Tasks.UniTaskCompletionSourceCore`1:TrySetResult(TResult)
HC.<LoadAnimatorControllerAsync>d__73:MoveNext()
Cysharp.Threading.Tasks.UniTaskCompletionSourceCore`1:TrySetResult(TResult)
ILLGames.Unity.<LoadAssetAsync>d__6`1:MoveNext()
Cysharp.Threading.Tasks.UniTaskCompletionSourceCore`1:TrySetResult(TResult)
<LoadAssetAsync>d__33:MoveNext()
Cysharp.Threading.Tasks.Internal.PooledDelegate`1:Run(T)
UnityEngine.AsyncOperation:InvokeCompletionEvent()

Unloading 9465 unused Assets to reduce memory usage. Loaded Objects now: 38168.
Total: 24.392400 ms (FindLiveObjects: 1.579800 ms CreateObjectMapping: 0.541500 ms MarkObjects: 19.810700 ms  DeleteObjects: 2.459400 ms)

Unloading 0 Unused Serialized files (Serialized files now loaded: 123)
Unloading 0 unused Assets to reduce memory usage. Loaded Objects now: 38168.
Total: 21.994100 ms (FindLiveObjects: 1.286500 ms CreateObjectMapping: 0.464000 ms MarkObjects: 20.223700 ms  DeleteObjects: 0.018800 ms)

cf_a_hit_bust_size2が見つからない
UnityEngine.Logger:Log(LogType, Object)
UnityEngine.Debug:Log(Object)
ILLGames.Unity.AnimationKeyInfo.Controller:GetInfo(String, Single, Vector3&, Vector3&, Vector3&, Boolean[])
ILLGames.Unity.ShapeInfoBase:ChangeValue(Int32, Single)
Character.HumanBody:SetShapeBodyValue(Int32, Single)
Character.HumanBody:UpdateShapeBodyValueFromCustomInfo()
Character.HumanBody:Load(Transform, String)
Character.Human:Load()
Character.Human:.ctor(HumanData, Boolean, Boolean)
Manager.Game:GetOrCreateChara(Byte, String, Int32, Boolean)
HC.Scene.Explore.<Initialize>d__36:MoveNext()
HC.Scene.Explore.Actor:Initialize(Byte, String)
HC.Scene.Explore.<Initialize>d__19:MoveNext()
HC.Scene.Explore.Heroine:Initialize(Byte, String)
HC.Scene.Explore.<Rent>d__34`1:MoveNext()
HC.Scene.Explore.Actor:Rent(Byte, String, Boolean)
HC.Scene.<LoadHeroines>d__122:MoveNext()
Cysharp.Threading.Tasks.UniTaskCompletionSourceCore`1:TrySetResult(TResult)
HC.Scene.Explore.<Rent>d__34`1:MoveNext()
Cysharp.Threading.Tasks.UniTaskCompletionSourceCore`1:TrySetResult(TResult)
HC.Scene.Explore.<Initialize>d__19:MoveNext()
Cysharp.Threading.Tasks.UniTaskCompletionSourceCore`1:TrySetResult(TResult)
HC.Scene.Explore.<Initialize>d__36:MoveNext()
Cysharp.Threading.Tasks.UniTaskCompletionSourceCore`1:TrySetResult(TResult)
HC.<LoadAnimatorControllerAsync>d__73:MoveNext()
Cysharp.Threading.Tasks.UniTaskCompletionSourceCore`1:TrySetResult(TResult)
ILLGames.Unity.<LoadAssetAsync>d__6`1:MoveNext()
Cysharp.Threading.Tasks.UniTaskCompletionSourceCore`1:TrySetResult(TResult)
<LoadAssetAsync>d__33:MoveNext()
Cysharp.Threading.Tasks.Internal.PooledDelegate`1:Run(T)
UnityEngine.AsyncOperation:InvokeCompletionEvent()

Unloading 1 Unused Serialized files (Serialized files now loaded: 127)
cf_a_hit_bust_size2が見つからない
UnityEngine.Logger:Log(LogType, Object)
UnityEngine.Debug:Log(Object)
ILLGames.Unity.AnimationKeyInfo.Controller:GetInfo(String, Single, Vector3&, Vector3&, Vector3&, Boolean[])
ILLGames.Unity.ShapeInfoBase:ChangeValue(Int32, Single)
Character.HumanBody:SetShapeBodyValue(Int32, Single)
Character.HumanBody:UpdateShapeBodyValueFromCustomInfo()
Character.Human:ReloadCoordinate(ReloadFlags)
Character.Human:Reload(ReloadParameter&)
Character.HumanCoordinate:ChangeCoordinateTypeAndReload(CoordinateType, Boolean)
HC.Scene.Explore.<Initialize>d__36:MoveNext()
HC.Scene.Explore.Actor:Initialize(Byte, String)
HC.Scene.Explore.<Initialize>d__19:MoveNext()
HC.Scene.Explore.Heroine:Initialize(Byte, String)
HC.Scene.Explore.<Rent>d__34`1:MoveNext()
HC.Scene.Explore.Actor:Rent(Byte, String, Boolean)
HC.Scene.<LoadHeroines>d__122:MoveNext()
Cysharp.Threading.Tasks.UniTaskCompletionSourceCore`1:TrySetResult(TResult)
HC.Scene.Explore.<Rent>d__34`1:MoveNext()
Cysharp.Threading.Tasks.UniTaskCompletionSourceCore`1:TrySetResult(TResult)
HC.Scene.Explore.<Initialize>d__19:MoveNext()
Cysharp.Threading.Tasks.UniTaskCompletionSourceCore`1:TrySetResult(TResult)
HC.Scene.Explore.<Initialize>d__36:MoveNext()
Cysharp.Threading.Tasks.UniTaskCompletionSourceCore`1:TrySetResult(TResult)
HC.<LoadAnimatorControllerAsync>d__73:MoveNext()
Cysharp.Threading.Tasks.UniTaskCompletionSourceCore`1:TrySetResult(TResult)
ILLGames.Unity.<LoadAssetAsync>d__6`1:MoveNext()
Cysharp.Threading.Tasks.UniTaskCompletionSourceCore`1:TrySetResult(TResult)
<LoadAssetAsync>d__33:MoveNext()
Cysharp.Threading.Tasks.Internal.PooledDelegate`1:Run(T)
UnityEngine.AsyncOperation:InvokeCompletionEvent()

Unloading 7024 unused Assets to reduce memory usage. Loaded Objects now: 40773.
Total: 24.040800 ms (FindLiveObjects: 1.703000 ms CreateObjectMapping: 0.483700 ms MarkObjects: 20.268900 ms  DeleteObjects: 1.584300 ms)

Unloading 0 Unused Serialized files (Serialized files now loaded: 127)
Unloading 0 unused Assets to reduce memory usage. Loaded Objects now: 40773.
Total: 25.398100 ms (FindLiveObjects: 1.764400 ms CreateObjectMapping: 0.559700 ms MarkObjects: 23.053800 ms  DeleteObjects: 0.019100 ms)

cf_a_hit_bust_size2が見つからない
UnityEngine.Logger:Log(LogType, Object)
UnityEngine.Debug:Log(Object)
ILLGames.Unity.AnimationKeyInfo.Controller:GetInfo(String, Single, Vector3&, Vector3&, Vector3&, Boolean[])
ILLGames.Unity.ShapeInfoBase:ChangeValue(Int32, Single)
Character.HumanBody:SetShapeBodyValue(Int32, Single)
Character.HumanBody:UpdateShapeBodyValueFromCustomInfo()
Character.HumanBody:Load(Transform, String)
Character.Human:Load()
Character.Human:.ctor(HumanData, Boolean, Boolean)
Manager.Game:GetOrCreateChara(Byte, String, Int32, Boolean)
HC.Scene.Explore.<Initialize>d__36:MoveNext()
HC.Scene.Explore.Actor:Initialize(Byte, String)
HC.Scene.Explore.<Initialize>d__19:MoveNext()
HC.Scene.Explore.Heroine:Initialize(Byte, String)
HC.Scene.Explore.<Rent>d__34`1:MoveNext()
HC.Scene.Explore.Actor:Rent(Byte, String, Boolean)
HC.Scene.<LoadHeroines>d__122:MoveNext()
Cysharp.Threading.Tasks.UniTaskCompletionSourceCore`1:TrySetResult(TResult)
HC.Scene.Explore.<Rent>d__34`1:MoveNext()
Cysharp.Threading.Tasks.UniTaskCompletionSourceCore`1:TrySetResult(TResult)
HC.Scene.Explore.<Initialize>d__19:MoveNext()
Cysharp.Threading.Tasks.UniTaskCompletionSourceCore`1:TrySetResult(TResult)
HC.Scene.Explore.<Initialize>d__36:MoveNext()
Cysharp.Threading.Tasks.UniTaskCompletionSourceCore`1:TrySetResult(TResult)
HC.<LoadAnimatorControllerAsync>d__73:MoveNext()
Cysharp.Threading.Tasks.UniTaskCompletionSourceCore`1:TrySetResult(TResult)
ILLGames.Unity.<LoadAssetAsync>d__6`1:MoveNext()
Cysharp.Threading.Tasks.UniTaskCompletionSourceCore`1:TrySetResult(TResult)
<LoadAssetAsync>d__33:MoveNext()
Cysharp.Threading.Tasks.Internal.PooledDelegate`1:Run(T)
UnityEngine.AsyncOperation:InvokeCompletionEvent()

Unloading 1 Unused Serialized files (Serialized files now loaded: 132)
cf_a_hit_bust_size2が見つからない
UnityEngine.Logger:Log(LogType, Object)
UnityEngine.Debug:Log(Object)
ILLGames.Unity.AnimationKeyInfo.Controller:GetInfo(String, Single, Vector3&, Vector3&, Vector3&, Boolean[])
ILLGames.Unity.ShapeInfoBase:ChangeValue(Int32, Single)
Character.HumanBody:SetShapeBodyValue(Int32, Single)
Character.HumanBody:UpdateShapeBodyValueFromCustomInfo()
Character.Human:ReloadCoordinate(ReloadFlags)
Character.Human:Reload(ReloadParameter&)
Character.HumanCoordinate:ChangeCoordinateTypeAndReload(CoordinateType, Boolean)
HC.Scene.Explore.<Initialize>d__36:MoveNext()
HC.Scene.Explore.Actor:Initialize(Byte, String)
HC.Scene.Explore.<Initialize>d__19:MoveNext()
HC.Scene.Explore.Heroine:Initialize(Byte, String)
HC.Scene.Explore.<Rent>d__34`1:MoveNext()
HC.Scene.Explore.Actor:Rent(Byte, String, Boolean)
HC.Scene.<LoadHeroines>d__122:MoveNext()
Cysharp.Threading.Tasks.UniTaskCompletionSourceCore`1:TrySetResult(TResult)
HC.Scene.Explore.<Rent>d__34`1:MoveNext()
Cysharp.Threading.Tasks.UniTaskCompletionSourceCore`1:TrySetResult(TResult)
HC.Scene.Explore.<Initialize>d__19:MoveNext()
Cysharp.Threading.Tasks.UniTaskCompletionSourceCore`1:TrySetResult(TResult)
HC.Scene.Explore.<Initialize>d__36:MoveNext()
Cysharp.Threading.Tasks.UniTaskCompletionSourceCore`1:TrySetResult(TResult)
HC.<LoadAnimatorControllerAsync>d__73:MoveNext()
Cysharp.Threading.Tasks.UniTaskCompletionSourceCore`1:TrySetResult(TResult)
ILLGames.Unity.<LoadAssetAsync>d__6`1:MoveNext()
Cysharp.Threading.Tasks.UniTaskCompletionSourceCore`1:TrySetResult(TResult)
<LoadAssetAsync>d__33:MoveNext()
Cysharp.Threading.Tasks.Internal.PooledDelegate`1:Run(T)
UnityEngine.AsyncOperation:InvokeCompletionEvent()

Unloading 9835 unused Assets to reduce memory usage. Loaded Objects now: 43681.
Total: 25.556400 ms (FindLiveObjects: 2.273700 ms CreateObjectMapping: 0.627100 ms MarkObjects: 18.834500 ms  DeleteObjects: 3.820200 ms)

Unloading 0 Unused Serialized files (Serialized files now loaded: 132)
Unloading 0 unused Assets to reduce memory usage. Loaded Objects now: 43681.
Total: 23.746200 ms (FindLiveObjects: 1.706100 ms CreateObjectMapping: 0.554600 ms MarkObjects: 21.464300 ms  DeleteObjects: 0.020100 ms)

cf_a_hit_bust_size2が見つからない
UnityEngine.Logger:Log(LogType, Object)
UnityEngine.Debug:Log(Object)
ILLGames.Unity.AnimationKeyInfo.Controller:GetInfo(String, Single, Vector3&, Vector3&, Vector3&, Boolean[])
ILLGames.Unity.ShapeInfoBase:ChangeValue(Int32, Single)
Character.HumanBody:SetShapeBodyValue(Int32, Single)
Character.HumanBody:UpdateShapeBodyValueFromCustomInfo()
Character.HumanBody:RestoreBoneScale(Boolean)
Manager.Game:GetOrCreateChara(Byte, String, Int32, Boolean)
HC.Scene.Explore.<Initialize>d__36:MoveNext()
HC.Scene.Explore.Actor:Initialize(Byte, String)
HC.Scene.Explore.<Initialize>d__19:MoveNext()
HC.Scene.Explore.Heroine:Initialize(Byte, String)
HC.Scene.Explore.<Rent>d__34`1:MoveNext()
HC.Scene.Explore.Actor:Rent(Byte, String, Boolean)
HC.Scene.<LoadConcierge>d__123:MoveNext()
HC.Scene.ExploreScene:LoadConcierge()
HC.Scene.<Start>d__132:MoveNext()
System.Threading.ExecutionContext:RunInternal(ExecutionContext, ContextCallback, Object, Boolean)
System.Runtime.CompilerServices.MoveNextRunner:Run()
Cysharp.Threading.Tasks.UniTaskCompletionSourceCore`1:TrySetResult(TResult)
HC.Scene.<LoadHeroines>d__122:MoveNext()
Cysharp.Threading.Tasks.UniTaskCompletionSourceCore`1:TrySetResult(TResult)
HC.Scene.Explore.<Rent>d__34`1:MoveNext()
Cysharp.Threading.Tasks.UniTaskCompletionSourceCore`1:TrySetResult(TResult)
HC.Scene.Explore.<Initialize>d__19:MoveNext()
Cysharp.Threading.Tasks.UniTaskCompletionSourceCore`1:TrySetResult(TResult)
HC.Scene.Explore.<Initialize>d__36:MoveNext()
Cysharp.Threading.Tasks.UniTaskCompletionSourceCore`1:TrySetResult(TResult)
HC.<LoadAnimatorControllerAsync>d__73:MoveNext()
Cysharp.Threading.Tasks.UniTaskCompletionSourceCore`1:TrySetResult(TResult)
ILLGames.Unity.<LoadAssetAsync>d__6`1:MoveNext()
Cysharp.Threading.Tasks.UniTaskCompletionSourceCore`1:TrySetResult(TResult)
<LoadAssetAsync>d__33:MoveNext()
Cysharp.Threading.Tasks.Internal.PooledDelegate`1:Run(T)
UnityEngine.AsyncOperation:InvokeCompletionEvent()

cf_a_hit_bust_size2が見つからない
UnityEngine.Logger:Log(LogType, Object)
UnityEngine.Debug:Log(Object)
ILLGames.Unity.AnimationKeyInfo.Controller:GetInfo(String, Single, Vector3&, Vector3&, Vector3&, Boolean[])
ILLGames.Unity.ShapeInfoBase:ChangeValue(Int32, Single)
Character.HumanBody:SetShapeBodyValue(Int32, Single)
Character.HumanBody:UpdateShapeBodyValueFromCustomInfo()
Character.Human:ReloadCoordinate(ReloadFlags)
Character.Human:Reload(ReloadParameter&)
Character.HumanCoordinate:ChangeCoordinateTypeAndReload(CoordinateType, Boolean)
HC.Scene.Explore.<Initialize>d__36:MoveNext()
HC.Scene.Explore.Actor:Initialize(Byte, String)
HC.Scene.Explore.<Initialize>d__19:MoveNext()
HC.Scene.Explore.Heroine:Initialize(Byte, String)
HC.Scene.Explore.<Rent>d__34`1:MoveNext()
HC.Scene.Explore.Actor:Rent(Byte, String, Boolean)
HC.Scene.<LoadConcierge>d__123:MoveNext()
HC.Scene.ExploreScene:LoadConcierge()
HC.Scene.<Start>d__132:MoveNext()
System.Threading.ExecutionContext:RunInternal(ExecutionContext, ContextCallback, Object, Boolean)
System.Runtime.CompilerServices.MoveNextRunner:Run()
Cysharp.Threading.Tasks.UniTaskCompletionSourceCore`1:TrySetResult(TResult)
HC.Scene.<LoadHeroines>d__122:MoveNext()
Cysharp.Threading.Tasks.UniTaskCompletionSourceCore`1:TrySetResult(TResult)
HC.Scene.Explore.<Rent>d__34`1:MoveNext()
Cysharp.Threading.Tasks.UniTaskCompletionSourceCore`1:TrySetResult(TResult)
HC.Scene.Explore.<Initialize>d__19:MoveNext()
Cysharp.Threading.Tasks.UniTaskCompletionSourceCore`1:TrySetResult(TResult)
HC.Scene.Explore.<Initialize>d__36:MoveNext()
Cysharp.Threading.Tasks.UniTaskCompletionSourceCore`1:TrySetResult(TResult)
HC.<LoadAnimatorControllerAsync>d__73:MoveNext()
Cysharp.Threading.Tasks.UniTaskCompletionSourceCore`1:TrySetResult(TResult)
ILLGames.Unity.<LoadAssetAsync>d__6`1:MoveNext()
Cysharp.Threading.Tasks.UniTaskCompletionSourceCore`1:TrySetResult(TResult)
<LoadAssetAsync>d__33:MoveNext()
Cysharp.Threading.Tasks.Internal.PooledDelegate`1:Run(T)
UnityEngine.AsyncOperation:InvokeCompletionEvent()

Unloading 1 Unused Serialized files (Serialized files now loaded: 132)
Unloading 6259 unused Assets to reduce memory usage. Loaded Objects now: 43653.
Total: 24.274900 ms (FindLiveObjects: 1.634200 ms CreateObjectMapping: 0.596900 ms MarkObjects: 20.651200 ms  DeleteObjects: 1.391500 ms)

cf_a_hit_bust_size2が見つからない
UnityEngine.Logger:Log(LogType, Object)
UnityEngine.Debug:Log(Object)
ILLGames.Unity.AnimationKeyInfo.Controller:GetInfo(String, Single, Vector3&, Vector3&, Vector3&, Boolean[])
ILLGames.Unity.ShapeInfoBase:ChangeValue(Int32, Single)
Character.HumanBody:SetShapeBodyValue(Int32, Single)
Character.HumanBody:UpdateShapeBodyValueFromCustomInfo()
Character.HumanBody:Load(Transform, String)
Character.Human:Load()
Character.Human:.ctor(HumanData, Boolean, Boolean)
Manager.Game:GetOrCreateChara(Byte, String, Int32, Boolean)
HC.Scene.Explore.<Initialize>d__36:MoveNext()
HC.Scene.Explore.Actor:Initialize(Byte, String)
HC.Scene.Explore.<Initialize>d__35:MoveNext()
HC.Scene.Explore.Player:Initialize(Byte, String)
HC.Scene.Explore.<Rent>d__34`1:MoveNext()
HC.Scene.Explore.Actor:Rent(Byte, String, Boolean)
HC.Scene.<LoadPlayer>d__124:MoveNext()
HC.Scene.ExploreScene:LoadPlayer()
HC.Scene.<Start>d__132:MoveNext()
System.Threading.ExecutionContext:RunInternal(ExecutionContext, ContextCallback, Object, Boolean)
System.Runtime.CompilerServices.MoveNextRunner:Run()
Cysharp.Threading.Tasks.UniTaskCompletionSourceCore`1:TrySetResult(TResult)
HC.Scene.<LoadConcierge>d__123:MoveNext()
Cysharp.Threading.Tasks.UniTaskCompletionSourceCore`1:TrySetResult(TResult)
HC.Scene.Explore.<Rent>d__34`1:MoveNext()
Cysharp.Threading.Tasks.UniTaskCompletionSourceCore`1:TrySetResult(TResult)
HC.Scene.Explore.<Initialize>d__19:MoveNext()
Cysharp.Threading.Tasks.UniTaskCompletionSourceCore`1:TrySetResult(TResult)
HC.Scene.Explore.<Initialize>d__36:MoveNext()
Cysharp.Threading.Tasks.UniTaskCompletionSourceCore`1:TrySetResult(TResult)
HC.<LoadAnimatorControllerAsync>d__73:MoveNext()
Cysharp.Threading.Tasks.UniTaskCompletionSourceCore`1:TrySetResult(TResult)
ILLGames.Unity.<LoadAssetAsync>d__6`1:MoveNext()
Cysharp.Threading.Tasks.UniTaskCompletionSourceCore`1:TrySetResult(TResult)
<LoadAssetAsync>d__33:MoveNext()
Cysharp.Threading.Tasks.Internal.PooledDelegate`1:Run(T)
UnityEngine.AsyncOperation:InvokeCompletionEvent()

Unloading 1 Unused Serialized files (Serialized files now loaded: 133)
cf_a_hit_bust_size2が見つからない
UnityEngine.Logger:Log(LogType, Object)
UnityEngine.Debug:Log(Object)
ILLGames.Unity.AnimationKeyInfo.Controller:GetInfo(String, Single, Vector3&, Vector3&, Vector3&, Boolean[])
ILLGames.Unity.ShapeInfoBase:ChangeValue(Int32, Single)
Character.HumanBody:SetShapeBodyValue(Int32, Single)
Character.HumanBody:UpdateShapeBodyValueFromCustomInfo()
Character.Human:ReloadCoordinate(ReloadFlags)
Character.Human:Reload(ReloadParameter&)
Character.HumanCoordinate:ChangeCoordinateTypeAndReload(CoordinateType, Boolean)
HC.Scene.Explore.<Initialize>d__36:MoveNext()
HC.Scene.Explore.Actor:Initialize(Byte, String)
HC.Scene.Explore.<Initialize>d__35:MoveNext()
HC.Scene.Explore.Player:Initialize(Byte, String)
HC.Scene.Explore.<Rent>d__34`1:MoveNext()
HC.Scene.Explore.Actor:Rent(Byte, String, Boolean)
HC.Scene.<LoadPlayer>d__124:MoveNext()
HC.Scene.ExploreScene:LoadPlayer()
HC.Scene.<Start>d__132:MoveNext()
System.Threading.ExecutionContext:RunInternal(ExecutionContext, ContextCallback, Object, Boolean)
System.Runtime.CompilerServices.MoveNextRunner:Run()
Cysharp.Threading.Tasks.UniTaskCompletionSourceCore`1:TrySetResult(TResult)
HC.Scene.<LoadConcierge>d__123:MoveNext()
Cysharp.Threading.Tasks.UniTaskCompletionSourceCore`1:TrySetResult(TResult)
HC.Scene.Explore.<Rent>d__34`1:MoveNext()
Cysharp.Threading.Tasks.UniTaskCompletionSourceCore`1:TrySetResult(TResult)
HC.Scene.Explore.<Initialize>d__19:MoveNext()
Cysharp.Threading.Tasks.UniTaskCompletionSourceCore`1:TrySetResult(TResult)
HC.Scene.Explore.<Initialize>d__36:MoveNext()
Cysharp.Threading.Tasks.UniTaskCompletionSourceCore`1:TrySetResult(TResult)
HC.<LoadAnimatorControllerAsync>d__73:MoveNext()
Cysharp.Threading.Tasks.UniTaskCompletionSourceCore`1:TrySetResult(TResult)
ILLGames.Unity.<LoadAssetAsync>d__6`1:MoveNext()
Cysharp.Threading.Tasks.UniTaskCompletionSourceCore`1:TrySetResult(TResult)
<LoadAssetAsync>d__33:MoveNext()
Cysharp.Threading.Tasks.Internal.PooledDelegate`1:Run(T)
UnityEngine.AsyncOperation:InvokeCompletionEvent()

Unloading 8763 unused Assets to reduce memory usage. Loaded Objects now: 46125.
Total: 27.263900 ms (FindLiveObjects: 1.684600 ms CreateObjectMapping: 0.567000 ms MarkObjects: 22.661000 ms  DeleteObjects: 2.350100 ms)

Unloading 0 Unused Serialized files (Serialized files now loaded: 133)
Unloading 0 unused Assets to reduce memory usage. Loaded Objects now: 46121.
Total: 27.963100 ms (FindLiveObjects: 1.865900 ms CreateObjectMapping: 0.579200 ms MarkObjects: 25.495800 ms  DeleteObjects: 0.020800 ms)

Unloading 0 Unused Serialized files (Serialized files now loaded: 134)
Unloading 17 unused Assets to reduce memory usage. Loaded Objects now: 46153.
Total: 21.848700 ms (FindLiveObjects: 1.569500 ms CreateObjectMapping: 0.389500 ms MarkObjects: 19.819200 ms  DeleteObjects: 0.069300 ms)

Manager.Sound.OnDisable()
UnityEngine.Logger:Log(LogType, Object)
UnityEngine.Debug:Log(Object)
Manager.Sound:OnDisable()

CurrentBGM : hc_bgm_03
Volume = 0
UnityEngine.Logger:Log(LogType, Object)
UnityEngine.Debug:Log(Object)
Manager.Sound:OnDisable()

Caching AudioSource : hc_bgm_01
Volume = 0
UnityEngine.Logger:Log(LogType, Object)
UnityEngine.Debug:Log(Object)
Manager.Sound:OnDisable()

Caching AudioSource : hc_bgm_03
Volume = 0
UnityEngine.Logger:Log(LogType, Object)
UnityEngine.Debug:Log(Object)
Manager.Sound:OnDisable()

Memory Statistics:
[ALLOC_TEMP_TLS] TLS Allocator
  StackAllocators : 
    [ALLOC_TEMP_MAIN]
      Peak usage frame count: [0-1.0 KB]: 54 frames, [1.0 KB-2.0 KB]: 1 frames, [2.0 KB-4.0 KB]: 309 frames, [4.0 KB-8.0 KB]: 5 frames, [8.0 KB-16.0 KB]: 246 frames, [16.0 KB-32.0 KB]: 8126 frames, [32.0 KB-64.0 KB]: 4 frames, [64.0 KB-128.0 KB]: 8 frames, [128.0 KB-256.0 KB]: 6 frames, [256.0 KB-0.5 MB]: 6 frames, [0.5 MB-1.0 MB]: 6 frames, [1.0 MB-2.0 MB]: 12 frames, [2.0 MB-4.0 MB]: 24 frames, [4.0 MB-8.0 MB]: 9 frames
      Initial Block Size 4.0 MB
      Current Block Size 7.6 MB
      Peak Allocated Bytes 7.6 MB
      Overflow Count 1
    [ALLOC_TEMP_Loading.AsyncRead]
      Initial Block Size 64.0 KB
      Current Block Size 76.0 KB
      Peak Allocated Bytes 75.4 KB
      Overflow Count 0
    [ALLOC_TEMP_Loading.PreloadManager]
      Initial Block Size 256.0 KB
      Current Block Size 0.5 MB
      Peak Allocated Bytes 508.9 KB
      Overflow Count 145
    [ALLOC_TEMP_Background Job.Worker 8]
      Initial Block Size 32.0 KB
      Current Block Size 32.0 KB
      Peak Allocated Bytes 309 B
      Overflow Count 0
    [ALLOC_TEMP_Job.Worker 6]
      Initial Block Size 256.0 KB
      Current Block Size 256.0 KB
      Peak Allocated Bytes 135.0 KB
      Overflow Count 0
    [ALLOC_TEMP_Job.Worker 0]
      Initial Block Size 256.0 KB
      Current Block Size 256.0 KB
      Peak Allocated Bytes 135.0 KB
      Overflow Count 0
    [ALLOC_TEMP_Background Job.Worker 10]
      Initial Block Size 32.0 KB
      Current Block Size 32.0 KB
      Peak Allocated Bytes 330 B
      Overflow Count 0
    [ALLOC_TEMP_Background Job.Worker 9]
      Initial Block Size 32.0 KB
      Current Block Size 32.0 KB
      Peak Allocated Bytes 318 B
      Overflow Count 0
    [ALLOC_TEMP_Job.Worker 5]
      Initial Block Size 256.0 KB
      Current Block Size 256.0 KB
      Peak Allocated Bytes 135.0 KB
      Overflow Count 0
    [ALLOC_TEMP_Background Job.Worker 14]
      Initial Block Size 32.0 KB
      Current Block Size 32.0 KB
      Peak Allocated Bytes 54 B
      Overflow Count 0
    [ALLOC_TEMP_Background Job.Worker 6]
      Initial Block Size 32.0 KB
      Current Block Size 32.0 KB
      Peak Allocated Bytes 318 B
      Overflow Count 0
    [ALLOC_TEMP_Job.Worker 4]
      Initial Block Size 256.0 KB
      Current Block Size 256.0 KB
      Peak Allocated Bytes 135.0 KB
      Overflow Count 0
    [ALLOC_TEMP_Job.Worker 3]
      Initial Block Size 256.0 KB
      Current Block Size 256.0 KB
      Peak Allocated Bytes 135.0 KB
      Overflow Count 0
    [ALLOC_TEMP_Background Job.Worker 12]
      Initial Block Size 32.0 KB
      Current Block Size 32.0 KB
      Peak Allocated Bytes 315 B
      Overflow Count 0
    [ALLOC_TEMP_EnlightenWorker] x 6
      Initial Block Size 64.0 KB
      Current Block Size 64.0 KB
      Peak Allocated Bytes 54 B
      Overflow Count 0
    [ALLOC_TEMP_Background Job.Worker 15]
      Initial Block Size 32.0 KB
      Current Block Size 32.0 KB
      Peak Allocated Bytes 315 B
      Overflow Count 0
    [ALLOC_TEMP_Background Job.Worker 1]
      Initial Block Size 32.0 KB
      Current Block Size 36.0 KB
      Peak Allocated Bytes 32.2 KB
      Overflow Count 0
    [ALLOC_TEMP_Background Job.Worker 2]
      Initial Block Size 32.0 KB
      Current Block Size 32.0 KB
      Peak Allocated Bytes 1.9 KB
      Overflow Count 0
    [ALLOC_TEMP_Background Job.Worker 7]
      Initial Block Size 32.0 KB
      Current Block Size 32.0 KB
      Peak Allocated Bytes 312 B
      Overflow Count 0
    [ALLOC_TEMP_UnityGfxDeviceWorker]
      Initial Block Size 256.0 KB
      Current Block Size 256.0 KB
      Peak Allocated Bytes 135.0 KB
      Overflow Count 0
    [ALLOC_TEMP_AssetGarbageCollectorHelper] x 11
      Initial Block Size 64.0 KB
      Current Block Size 64.0 KB
      Peak Allocated Bytes 0 B
      Overflow Count 0
    [ALLOC_TEMP_Background Job.Worker 5]
      Initial Block Size 32.0 KB
      Current Block Size 32.0 KB
      Peak Allocated Bytes 321 B
      Overflow Count 0
    [ALLOC_TEMP_Job.Worker 9]
      Initial Block Size 256.0 KB
      Current Block Size 256.0 KB
      Peak Allocated Bytes 135.0 KB
      Overflow Count 0
    [ALLOC_TEMP_Background Job.Worker 13]
      Initial Block Size 32.0 KB
      Current Block Size 32.0 KB
      Peak Allocated Bytes 309 B
      Overflow Count 0
    [ALLOC_TEMP_Job.Worker 8]
      Initial Block Size 256.0 KB
      Current Block Size 256.0 KB
      Peak Allocated Bytes 135.0 KB
      Overflow Count 0
    [ALLOC_TEMP_Job.Worker 7]
      Initial Block Size 256.0 KB
      Current Block Size 256.0 KB
      Peak Allocated Bytes 135.0 KB
      Overflow Count 0
    [ALLOC_TEMP_Job.Worker 1]
      Initial Block Size 256.0 KB
      Current Block Size 256.0 KB
      Peak Allocated Bytes 135.0 KB
      Overflow Count 0
    [ALLOC_TEMP_Job.Worker 2]
      Initial Block Size 256.0 KB
      Current Block Size 256.0 KB
      Peak Allocated Bytes 135.0 KB
      Overflow Count 0
    [ALLOC_TEMP_Background Job.Worker 3]
      Initial Block Size 32.0 KB
      Current Block Size 32.0 KB
      Peak Allocated Bytes 324 B
      Overflow Count 0
    [ALLOC_TEMP_Background Job.Worker 11]
      Initial Block Size 32.0 KB
      Current Block Size 32.0 KB
      Peak Allocated Bytes 318 B
      Overflow Count 0
    [ALLOC_TEMP_Job.Worker 10]
      Initial Block Size 256.0 KB
      Current Block Size 256.0 KB
      Peak Allocated Bytes 135.0 KB
      Overflow Count 0
    [ALLOC_TEMP_Background Job.Worker 0]
      Initial Block Size 32.0 KB
      Current Block Size 32.0 KB
      Peak Allocated Bytes 318 B
      Overflow Count 0
    [ALLOC_TEMP_Background Job.Worker 4]
      Initial Block Size 32.0 KB
      Current Block Size 32.0 KB
      Peak Allocated Bytes 54 B
      Overflow Count 0
    [ALLOC_TEMP_BatchDeleteObjects]
      Initial Block Size 64.0 KB
      Current Block Size 64.0 KB
      Peak Allocated Bytes 54 B
      Overflow Count 0
[ALLOC_DEFAULT] Dual Thread Allocator
  Peak main deferred allocation count 15392
    [ALLOC_BUCKET]
      Large Block size 4.0 MB
      Used Block count 1
      Peak Allocated bytes 4.0 MB
      Failed Allocations. Bucket layout:
        16B: 111 Subsections = 113664 buckets. Failed count: 134566
        32B: 95 Subsections = 48640 buckets. Failed count: 381978
        48B: 13 Subsections = 4437 buckets. Failed count: 447305
        64B: 17 Subsections = 4352 buckets. Failed count: 150840
        80B: 11 Subsections = 2252 buckets. Failed count: 135072
        96B: 3 Subsections = 512 buckets. Failed count: 350620
        112B: 2 Subsections = 292 buckets. Failed count: 277051
        128B: 4 Subsections = 512 buckets. Failed count: 174862
    [ALLOC_DEFAULT_MAIN]
      Peak usage frame count: [16.0 MB-32.0 MB]: 160 frames, [32.0 MB-64.0 MB]: 611 frames, [64.0 MB-128.0 MB]: 8045 frames
      Requested Block Size 16.0 MB
      Peak Block count 5
      Peak Allocated memory 99.7 MB
      Peak Large allocation bytes 36.5 MB
    [ALLOC_DEFAULT_THREAD]
      Peak usage frame count: [16.0 MB-32.0 MB]: 1410 frames, [32.0 MB-64.0 MB]: 7395 frames, [64.0 MB-128.0 MB]: 11 frames
      Requested Block Size 16.0 MB
      Peak Block count 2
      Peak Allocated memory 77.4 MB
      Peak Large allocation bytes 64.0 MB
[ALLOC_TEMP_JOB_1_FRAME]
  Initial Block Size 2.0 MB
  Used Block Count 1
  Overflow Count (too large) 0
  Overflow Count (full) 0
[ALLOC_TEMP_JOB_2_FRAMES]
  Initial Block Size 2.0 MB
  Used Block Count 1
  Overflow Count (too large) 0
  Overflow Count (full) 0
[ALLOC_TEMP_JOB_4_FRAMES (JobTemp)]
  Initial Block Size 2.0 MB
  Used Block Count 4
  Overflow Count (too large) 1
  Overflow Count (full) 0
[ALLOC_TEMP_JOB_ASYNC (Background)]
  Initial Block Size 1.0 MB
  Used Block Count 4
  Overflow Count (too large) 0
  Overflow Count (full) 0
[ALLOC_GFX] Dual Thread Allocator
  Peak main deferred allocation count 385
    [ALLOC_BUCKET]
      Large Block size 4.0 MB
      Used Block count 1
      Peak Allocated bytes 4.0 MB
      Failed Allocations. Bucket layout:
        16B: 111 Subsections = 113664 buckets. Failed count: 134566
        32B: 95 Subsections = 48640 buckets. Failed count: 381978
        48B: 13 Subsections = 4437 buckets. Failed count: 447305
        64B: 17 Subsections = 4352 buckets. Failed count: 150840
        80B: 11 Subsections = 2252 buckets. Failed count: 135072
        96B: 3 Subsections = 512 buckets. Failed count: 350620
        112B: 2 Subsections = 292 buckets. Failed count: 277051
        128B: 4 Subsections = 512 buckets. Failed count: 174862
    [ALLOC_GFX_MAIN]
      Peak usage frame count: [32.0 KB-64.0 KB]: 57 frames, [64.0 KB-128.0 KB]: 5 frames, [0.5 MB-1.0 MB]: 2 frames, [1.0 MB-2.0 MB]: 32 frames, [8.0 MB-16.0 MB]: 232 frames, [16.0 MB-32.0 MB]: 444 frames, [32.0 MB-64.0 MB]: 652 frames, [64.0 MB-128.0 MB]: 7392 frames
      Requested Block Size 16.0 MB
      Peak Block count 5
      Peak Allocated memory 71.0 MB
      Peak Large allocation bytes 0 B
    [ALLOC_GFX_THREAD]
      Peak usage frame count: [2.0 KB-4.0 KB]: 48 frames, [4.0 KB-8.0 KB]: 2 frames, [8.0 KB-16.0 KB]: 1 frames, [1.0 MB-2.0 MB]: 277 frames, [2.0 MB-4.0 MB]: 1 frames, [4.0 MB-8.0 MB]: 634 frames, [8.0 MB-16.0 MB]: 7851 frames, [16.0 MB-32.0 MB]: 2 frames
      Requested Block Size 16.0 MB
      Peak Block count 2
      Peak Allocated memory 31.7 MB
      Peak Large allocation bytes 0 B
[ALLOC_CACHEOBJECTS] Dual Thread Allocator
  Peak main deferred allocation count 10493
    [ALLOC_BUCKET]
      Large Block size 4.0 MB
      Used Block count 1
      Peak Allocated bytes 4.0 MB
      Failed Allocations. Bucket layout:
        16B: 111 Subsections = 113664 buckets. Failed count: 134566
        32B: 95 Subsections = 48640 buckets. Failed count: 381978
        48B: 13 Subsections = 4437 buckets. Failed count: 447305
        64B: 17 Subsections = 4352 buckets. Failed count: 150840
        80B: 11 Subsections = 2252 buckets. Failed count: 135072
        96B: 3 Subsections = 512 buckets. Failed count: 350620
        112B: 2 Subsections = 292 buckets. Failed count: 277051
        128B: 4 Subsections = 512 buckets. Failed count: 174862
    [ALLOC_CACHEOBJECTS_MAIN]
      Peak usage frame count: [1.00 GB-2.00 GB]: 1424 frames, [2.00 GB-4.00 GB]: 7392 frames
      Requested Block Size 4.0 MB
      Peak Block count 531
      Peak Allocated memory 2.15 GB
      Peak Large allocation bytes 1.00 GB
    [ALLOC_CACHEOBJECTS_THREAD]
      Peak usage frame count: [32.0 KB-64.0 KB]: 2 frames, [64.0 KB-128.0 KB]: 1 frames, [256.0 KB-0.5 MB]: 41 frames, [1.0 MB-2.0 MB]: 1 frames, [2.0 MB-4.0 MB]: 6 frames, [4.0 MB-8.0 MB]: 7 frames, [8.0 MB-16.0 MB]: 271 frames, [16.0 MB-32.0 MB]: 128 frames, [32.0 MB-64.0 MB]: 5 frames, [64.0 MB-128.0 MB]: 8354 frames
      Requested Block Size 4.0 MB
      Peak Block count 21
      Peak Allocated memory 124.6 MB
      Peak Large allocation bytes 48.3 MB
[ALLOC_TYPETREE] Dual Thread Allocator
  Peak main deferred allocation count 0
    [ALLOC_BUCKET]
      Large Block size 4.0 MB
      Used Block count 1
      Peak Allocated bytes 4.0 MB
      Failed Allocations. Bucket layout:
        16B: 111 Subsections = 113664 buckets. Failed count: 134566
        32B: 95 Subsections = 48640 buckets. Failed count: 381978
        48B: 13 Subsections = 4437 buckets. Failed count: 447305
        64B: 17 Subsections = 4352 buckets. Failed count: 150840
        80B: 11 Subsections = 2252 buckets. Failed count: 135072
        96B: 3 Subsections = 512 buckets. Failed count: 350620
        112B: 2 Subsections = 292 buckets. Failed count: 277051
        128B: 4 Subsections = 512 buckets. Failed count: 174862
    [ALLOC_TYPETREE_MAIN]
      Peak usage frame count: [4.0 KB-8.0 KB]: 58 frames, [128.0 KB-256.0 KB]: 37 frames, [256.0 KB-0.5 MB]: 60 frames, [0.5 MB-1.0 MB]: 174 frames, [1.0 MB-2.0 MB]: 4 frames, [2.0 MB-4.0 MB]: 915 frames, [4.0 MB-8.0 MB]: 7568 frames
      Requested Block Size 2.0 MB
      Peak Block count 4
      Peak Allocated memory 6.0 MB
      Peak Large allocation bytes 0 B
    [ALLOC_TYPETREE_THREAD]
      Peak usage frame count: [1.0 KB-2.0 KB]: 45 frames, [256.0 KB-0.5 MB]: 5 frames, [0.5 MB-1.0 MB]: 279 frames, [1.0 MB-2.0 MB]: 8487 frames
      Requested Block Size 2.0 MB
      Peak Block count 1
      Peak Allocated memory 1.3 MB
      Peak Large allocation bytes 0 B
