msync: bootstrapped mach port on wine-e3bf3a-msync.
msync: up and running.
002c:err:wineboot:process_run_key Error running cmd L"C:\\windows\\system32\\winemenubuilder.exe -a -r" (2).
0074:fixme:hid:handle_IRP_MN_QUERY_ID Unhandled type 00000005
0074:fixme:hid:handle_IRP_MN_QUERY_ID Unhandled type 00000005
0074:fixme:hid:handle_IRP_MN_QUERY_ID Unhandled type 00000005
0074:fixme:hid:handle_IRP_MN_QUERY_ID Unhandled type 00000005
00c4:fixme:thread:get_thread_times not implemented on this platform
00c4:fixme:font:find_matching_face Untranslated charset 255
00c4:fixme:font:get_nearest_charset returning DEFAULT_CHARSET face->fs.fsCsb[0] = 00000000 file = L"\\??\\Z:\\System\\Library\\Fonts\\Apple Braille Pinpoint 8 Dot.ttf"
00c4:fixme:font:find_matching_face Untranslated charset 255
00c4:fixme:font:get_nearest_charset returning DEFAULT_CHARSET face->fs.fsCsb[0] = 00000000 file = L"\\??\\Z:\\System\\Library\\Fonts\\Supplemental\\Baghdad.ttc"
00c4:fixme:font:find_matching_face Untranslated charset 255
00c4:fixme:font:get_nearest_charset returning DEFAULT_CHARSET face->fs.fsCsb[0] = 00000000 file = L"\\??\\Z:\\System\\Library\\Fonts\\Supplemental\\Gujarati Sangam MN.ttc"
00c4:fixme:font:find_matching_face Untranslated charset 255
00c4:fixme:font:get_nearest_charset returning DEFAULT_CHARSET face->fs.fsCsb[0] = 00000000 file = L"\\??\\Z:\\System\\Library\\Fonts\\Supplemental\\Gurmukhi Sangam MN.ttc"
00c4:fixme:font:find_matching_face Untranslated charset 255
00c4:fixme:font:get_nearest_charset returning DEFAULT_CHARSET face->fs.fsCsb[0] = 00000000 file = L"\\??\\Z:\\System\\Library\\Fonts\\Supplemental\\Gurmukhi Sangam MN.ttc"
00c4:fixme:font:find_matching_face Untranslated charset 255
00c4:fixme:font:get_nearest_charset returning DEFAULT_CHARSET face->fs.fsCsb[0] = 00000000 file = L"\\??\\Z:\\System\\Library\\Fonts\\HelveticaNeue.ttc"
00c4:fixme:font:find_matching_face Untranslated charset 255
00c4:fixme:font:get_nearest_charset returning DEFAULT_CHARSET face->fs.fsCsb[0] = 00000000 file = L"\\??\\Z:\\System\\Library\\Fonts\\HelveticaNeue.ttc"
00c4:fixme:font:find_matching_face Untranslated charset 255
00c4:fixme:font:get_nearest_charset returning DEFAULT_CHARSET face->fs.fsCsb[0] = 00000000 file = L"\\??\\Z:\\System\\Library\\Fonts\\HelveticaNeue.ttc"
00c4:fixme:font:find_matching_face Untranslated charset 255
00c4:fixme:font:get_nearest_charset returning DEFAULT_CHARSET face->fs.fsCsb[0] = 00000000 file = L"\\??\\Z:\\System\\Library\\Fonts\\HelveticaNeue.ttc"
00c4:fixme:font:find_matching_face Untranslated charset 255
00c4:fixme:font:get_nearest_charset returning DEFAULT_CHARSET face->fs.fsCsb[0] = 00000000 file = L"\\??\\Z:\\System\\Library\\Fonts\\HelveticaNeue.ttc"
00c4:fixme:font:find_matching_face Untranslated charset 255
00c4:fixme:font:get_nearest_charset returning DEFAULT_CHARSET face->fs.fsCsb[0] = 00000000 file = L"\\??\\Z:\\System\\Library\\Fonts\\HelveticaNeue.ttc"
00c4:fixme:font:find_matching_face Untranslated charset 255
00c4:fixme:font:get_nearest_charset returning DEFAULT_CHARSET face->fs.fsCsb[0] = 00000000 file = L"\\??\\Z:\\System\\Library\\Fonts\\HelveticaNeue.ttc"
00c4:fixme:font:find_matching_face Untranslated charset 255
00c4:fixme:font:get_nearest_charset returning DEFAULT_CHARSET face->fs.fsCsb[0] = 00000000 file = L"\\??\\Z:\\System\\Library\\Fonts\\HelveticaNeue.ttc"
00c4:fixme:font:find_matching_face Untranslated charset 255
00c4:fixme:font:get_nearest_charset returning DEFAULT_CHARSET face->fs.fsCsb[0] = 00000000 file = L"\\??\\Z:\\System\\Library\\Fonts\\Supplemental\\Hoefler Text Ornaments.ttf"
00c4:fixme:font:find_matching_face Untranslated charset 255
00c4:fixme:font:get_nearest_charset returning DEFAULT_CHARSET face->fs.fsCsb[0] = 00000000 file = L"\\??\\Z:\\System\\Library\\Fonts\\Supplemental\\Kailasa.ttc"
00c4:fixme:font:find_matching_face Untranslated charset 255
00c4:fixme:font:get_nearest_charset returning DEFAULT_CHARSET face->fs.fsCsb[0] = 00000000 file = L"\\??\\Z:\\System\\Library\\Fonts\\Supplemental\\KufiStandardGK.ttc"
00c4:fixme:font:find_matching_face Untranslated charset 255
00c4:fixme:font:get_nearest_charset returning DEFAULT_CHARSET face->fs.fsCsb[0] = 00000000 file = L"\\??\\Z:\\System\\Library\\Fonts\\Supplemental\\Nadeem.ttc"
00c4:fixme:font:find_matching_face Untranslated charset 255
00c4:fixme:font:get_nearest_charset returning DEFAULT_CHARSET face->fs.fsCsb[0] = 00000000 file = L"\\??\\Z:\\System\\Library\\AssetsV2\\com_apple_MobileAsset_Font7\\7ca27bc02dd7660f9dacd69df96d24639b96e080.asset\\AssetData\\Pilgiche.ttf"
00c4:fixme:font:find_matching_face Untranslated charset 255
00c4:fixme:font:get_nearest_charset returning DEFAULT_CHARSET face->fs.fsCsb[0] = 00000000 file = L"\\??\\Z:\\System\\Library\\Fonts\\Supplemental\\Skia.ttf"
00c4:fixme:font:find_matching_face Untranslated charset 255
00c4:fixme:font:get_nearest_charset returning DEFAULT_CHARSET face->fs.fsCsb[0] = 00000000 file = L"\\??\\Z:\\System\\Library\\Fonts\\ZapfDingbats.ttf"
0050:fixme:nsi:ipv6_forward_enumerate_all not implemented
0050:fixme:nsi:ipv6_forward_enumerate_all not implemented
0050:fixme:nsi:ipv6_forward_enumerate_all not implemented
0050:fixme:nsi:ipv6_forward_enumerate_all not implemented
00c4:fixme:ntdll:NtQuerySystemInformation info_class SYSTEM_PERFORMANCE_INFORMATION
[mvk-info] MoltenVK version 1.2.5, supporting Vulkan version 1.2.261.
	The following 100 Vulkan extensions are supported:
		VK_KHR_16bit_storage v1
		VK_KHR_8bit_storage v1
		VK_KHR_bind_memory2 v1
		VK_KHR_buffer_device_address v1
		VK_KHR_copy_commands2 v1
		VK_KHR_create_renderpass2 v1
		VK_KHR_dedicated_allocation v3
		VK_KHR_deferred_host_operations v4
		VK_KHR_depth_stencil_resolve v1
		VK_KHR_descriptor_update_template v1
		VK_KHR_device_group v4
		VK_KHR_device_group_creation v1
		VK_KHR_driver_properties v1
		VK_KHR_dynamic_rendering v1
		VK_KHR_external_fence v1
		VK_KHR_external_fence_capabilities v1
		VK_KHR_external_memory v1
		VK_KHR_external_memory_capabilities v1
		VK_KHR_external_semaphore v1
		VK_KHR_external_semaphore_capabilities v1
		VK_KHR_fragment_shader_barycentric v1
		VK_KHR_get_memory_requirements2 v1
		VK_KHR_get_physical_device_properties2 v2
		VK_KHR_get_surface_capabilities2 v1
		VK_KHR_imageless_framebuffer v1
		VK_KHR_image_format_list v1
		VK_KHR_incremental_present v2
		VK_KHR_maintenance1 v2
		VK_KHR_maintenance2 v1
		VK_KHR_maintenance3 v1
		VK_KHR_map_memory2 v1
		VK_KHR_multiview v1
		VK_KHR_portability_subset v1
		VK_KHR_push_descriptor v2
		VK_KHR_relaxed_block_layout v1
		VK_KHR_sampler_mirror_clamp_to_edge v3
		VK_KHR_sampler_ycbcr_conversion v14
		VK_KHR_separate_depth_stencil_layouts v1
		VK_KHR_shader_draw_parameters v1
		VK_KHR_shader_float_controls v4
		VK_KHR_shader_float16_int8 v1
		VK_KHR_shader_non_semantic_info v1
		VK_KHR_shader_subgroup_extended_types v1
		VK_KHR_spirv_1_4 v1
		VK_KHR_storage_buffer_storage_class v1
		VK_KHR_surface v25
		VK_KHR_swapchain v70
		VK_KHR_swapchain_mutable_format v1
		VK_KHR_timeline_semaphore v2
		VK_KHR_uniform_buffer_standard_layout v1
		VK_KHR_variable_pointers v1
		VK_EXT_4444_formats v1
		VK_EXT_buffer_device_address v2
		VK_EXT_calibrated_timestamps v2
		VK_EXT_debug_marker v4
		VK_EXT_debug_report v10
		VK_EXT_debug_utils v2
		VK_EXT_descriptor_indexing v2
		VK_EXT_external_memory_host v1
		VK_EXT_fragment_shader_interlock v1
		VK_EXT_hdr_metadata v2
		VK_EXT_host_query_reset v1
		VK_EXT_image_robustness v1
		VK_EXT_inline_uniform_block v1
		VK_EXT_memory_budget v1
		VK_EXT_metal_objects v1
		VK_EXT_metal_surface v1
		VK_EXT_pipeline_creation_cache_control v3
		VK_EXT_pipeline_creation_feedback v1
		VK_EXT_post_depth_coverage v1
		VK_EXT_private_data v1
		VK_EXT_robustness2 v1
		VK_EXT_sample_locations v1
		VK_EXT_scalar_block_layout v1
		VK_EXT_separate_stencil_usage v1
		VK_EXT_shader_atomic_float v1
		VK_EXT_shader_demote_to_helper_invocation v1
		VK_EXT_shader_stencil_export v1
		VK_EXT_shader_subgroup_ballot v1
		VK_EXT_shader_subgroup_vote v1
		VK_EXT_shader_viewport_index_layer v1
		VK_EXT_subgroup_size_control v2
		VK_EXT_surface_maintenance1 v1
		VK_EXT_swapchain_colorspace v4
		VK_EXT_swapchain_maintenance1 v1
		VK_EXT_texel_buffer_alignment v1
		VK_EXT_texture_compression_astc_hdr v1
		VK_EXT_vertex_attribute_divisor v3
		VK_EXT_transform_feedback v1
		VK_AMD_gpu_shader_half_float v2
		VK_AMD_negative_viewport_height v1
		VK_AMD_shader_image_load_store_lod v1
		VK_AMD_shader_trinary_minmax v1
		VK_IMG_format_pvrtc v1
		VK_INTEL_shader_integer_functions2 v1
		VK_GOOGLE_display_timing v1
		VK_MVK_macos_surface v3
		VK_MVK_moltenvk v37
		VK_NV_fragment_shader_barycentric v1
		VK_NV_glsl_shader v1
[mvk-info] GPU device:
		model: Apple M2 Max
		type: Integrated
		vendorID: 0x106b
		deviceID: 0xe0403f0
		pipelineCacheUUID: 1E1F3FB2-0E04-03F0-0000-000000000000
	supports the following Metal Versions, GPU's and Feature Sets:
		Metal Shading Language 3.1
		GPU Family Apple 8
		GPU Family Apple 7
		GPU Family Apple 6
		GPU Family Apple 5
		GPU Family Apple 4
		GPU Family Apple 3
		GPU Family Apple 2
		GPU Family Apple 1
		GPU Family Mac 2
		GPU Family Mac 1
		GPU Family Common 3
		GPU Family Common 2
		GPU Family Common 1
		macOS GPU Family 2 v1
		macOS GPU Family 1 v4
		macOS GPU Family 1 v3
		macOS GPU Family 1 v2
		macOS GPU Family 1 v1
[mvk-info] Created VkInstance for Vulkan version 1.1.0, as requested by app, with the following 2 Vulkan extensions enabled:
		VK_KHR_surface v25
		VK_EXT_metal_surface v1
00c4:fixme:d3d:wined3d_guess_card_vendor Received unrecognized GL_VENDOR "Apple". Returning HW_VENDOR_NVIDIA.
00c4:fixme:system:EnableNonClientDpiScaling (0000000000020062): stub
00cc:fixme:imm:ImeSetActiveContext (0000000000010026, 0): stub
00cc:fixme:imm:ImmReleaseContext (0000000000010020, 0000000000010026): stub
00c4:fixme:imm:ImeSetActiveContext (0000000000020044, 1): stub
00c4:fixme:imm:ImmReleaseContext (0000000000020062, 0000000000020044): stub
0050:fixme:nsi:ipv6_forward_enumerate_all not implemented
0050:fixme:nsi:ipv6_forward_enumerate_all not implemented
0050:fixme:nsi:ipv6_forward_enumerate_all not implemented
0050:fixme:nsi:ipv6_forward_enumerate_all not implemented
0110:fixme:kernelbase:AppPolicyGetThreadInitializationType FFFFFFFFFFFFFFFA, 00000000044DFE10
0050:fixme:nsi:ipv6_forward_enumerate_all not implemented
0050:fixme:nsi:ipv6_forward_enumerate_all not implemented
0050:fixme:nsi:ipv6_forward_enumerate_all not implemented
0050:fixme:nsi:ipv6_forward_enumerate_all not implemented
0050:fixme:nsi:ipv6_forward_enumerate_all not implemented
0050:fixme:nsi:ipv6_forward_enumerate_all not implemented
0118:fixme:tasklist:wmain stub, only printing tasks in cvs format...
0118:fixme:tasklist:wmain  L"tasklist" L"/FI" L"imagename eq crashreport.exe"
0118:fixme:thread:get_thread_times not implemented on this platform
0128:fixme:tasklist:wmain stub, only printing tasks in cvs format...
0128:fixme:tasklist:wmain  L"tasklist" L"/FI" L"imagename eq launcher.exe"
0128:fixme:thread:get_thread_times not implemented on this platform
0138:fixme:tasklist:wmain stub, only printing tasks in cvs format...
0138:fixme:tasklist:wmain  L"tasklist" L"/FI" L"imagename eq QtWebEngineProcess.exe"
0138:fixme:thread:get_thread_times not implemented on this platform
0050:fixme:nsi:ipv6_forward_enumerate_all not implemented
0050:fixme:nsi:ipv6_forward_enumerate_all not implemented
0050:fixme:nsi:ipv6_forward_enumerate_all not implemented
0050:fixme:nsi:ipv6_forward_enumerate_all not implemented
0050:fixme:nsi:ipv6_forward_enumerate_all not implemented
0050:fixme:nsi:ipv6_forward_enumerate_all not implemented
0050:fixme:nsi:ipv6_forward_enumerate_all not implemented
0050:fixme:nsi:ipv6_forward_enumerate_all not implemented
0158:err:environ:init_peb starting L"C:\\users\\mi\\Temp\\\539f\795e-qRtNOG\\7z.exe" in experimental wow64 mode
0158:fixme:ntdll:NtQuerySystemInformation info_class SYSTEM_PERFORMANCE_INFORMATION
0170:err:environ:init_peb starting L"C:\\users\\mi\\Temp\\\539f\795e-qRtNOG\\7z.exe" in experimental wow64 mode
0170:fixme:ntdll:NtQuerySystemInformation info_class SYSTEM_PERFORMANCE_INFORMATION
0194:err:environ:init_peb starting L"C:\\Program Files\\Genshin Impact\\vc_redist.x64.exe" in experimental wow64 mode
0194:fixme:heap:RtlSetHeapInformation HEAP_INFORMATION_CLASS 1 not implemented!
0194:fixme:advapi:DecryptFileW (L"C:\\windows\\Temp\\{AD21E5A3-B852-446B-8AD3-8FBE39409C85}\\", 00000000): stub
01a0:err:environ:init_peb starting L"C:\\windows\\temp\\{AD21E5A3-B852-446B-8AD3-8FBE39409C85}\\.cr\\vc_redist.x64.exe" in experimental wow64 mode
01a0:fixme:heap:RtlSetHeapInformation HEAP_INFORMATION_CLASS 1 not implemented!
01a0:fixme:advapi:DecryptFileW (L"C:\\windows\\Temp\\{E3594F72-4F45-4FDE-84F2-DCAFDCF2F97D}\\", 00000000): stub
01a8:fixme:imm:ImeSetActiveContext (00010098, 1): stub
01a8:fixme:imm:ImmReleaseContext (00020096, 00010098): stub
01ac:fixme:shell:SHAutoComplete stub
01a0:fixme:advapi:DecryptFileW (L"C:\\windows\\Temp\\{E3594F72-4F45-4FDE-84F2-DCAFDCF2F97D}\\", 00000000): stub
01a0:fixme:exec:SHELL_execute flags ignored: 0x00000100
01b4:err:environ:init_peb starting L"C:\\windows\\temp\\{E3594F72-4F45-4FDE-84F2-DCAFDCF2F97D}\\.be\\VC_redist.x64.exe" in experimental wow64 mode
01b4:fixme:heap:RtlSetHeapInformation HEAP_INFORMATION_CLASS 1 not implemented!
01bc:fixme:imm:ImeSetActiveContext (00010124, 1): stub
01bc:fixme:imm:ImmReleaseContext (00020122, 00010124): stub
01b4:fixme:ole:CoInitializeSecurity 0012F5E8, -1, 00000000, 00000000, 6, 2, 00000000, 12288, 00000000 stub
01b4:fixme:wuapi:automatic_updates_Pause 
01b4:fixme:sfc:SRSetRestorePointW 0012F4B0 0012F6C0
01c0:fixme:advapi:DecryptFileW (L"C:\\ProgramData\\Package Cache\\{E493B8F4-E300-43EC-95D0-BDF3711297EA}v14.27.29016\\packages\\vcRuntimeMinimum_amd64\\vc_runtimeMinimum_x64.msi", 00000000): stub
01c0:fixme:advapi:DecryptFileW (L"C:\\ProgramData\\Package Cache\\{E493B8F4-E300-43EC-95D0-BDF3711297EA}v14.27.29016\\packages\\vcRuntimeMinimum_amd64\\cab1.cab", 00000000): stub
01c0:fixme:advapi:DecryptFileW (L"C:\\ProgramData\\Package Cache\\{F07B1E25-5670-4556-9C7F-5A1966C83269}v14.27.29016\\packages\\vcRuntimeAdditional_amd64\\vc_runtimeAdditional_x64.msi", 00000000): stub
01c0:fixme:advapi:DecryptFileW (L"C:\\ProgramData\\Package Cache\\{F07B1E25-5670-4556-9C7F-5A1966C83269}v14.27.29016\\packages\\vcRuntimeAdditional_amd64\\cab1.cab", 00000000): stub
01b4:fixme:file:NtLockFile I/O completion on lock not implemented yet
01b4:fixme:ntdll:NtQuerySystemInformation info_class SYSTEM_PERFORMANCE_INFORMATION
0050:fixme:nsi:ipv6_forward_enumerate_all not implemented
0050:fixme:nsi:ipv6_forward_enumerate_all not implemented
0050:fixme:nsi:ipv6_forward_enumerate_all not implemented
0050:fixme:nsi:ipv6_forward_enumerate_all not implemented
0050:fixme:nsi:ipv6_forward_enumerate_all not implemented
0050:fixme:nsi:ipv6_forward_enumerate_all not implemented
0050:fixme:nsi:ipv6_forward_enumerate_all not implemented
0050:fixme:nsi:ipv6_forward_enumerate_all not implemented
0050:fixme:nsi:ipv6_forward_enumerate_all not implemented
0050:fixme:nsi:ipv6_forward_enumerate_all not implemented
0050:fixme:nsi:ipv6_forward_enumerate_all not implemented
0050:fixme:nsi:ipv6_forward_enumerate_all not implemented
0050:fixme:nsi:ipv6_forward_enumerate_all not implemented
0050:fixme:nsi:ipv6_forward_enumerate_all not implemented
0050:fixme:nsi:ipv6_forward_enumerate_all not implemented
0050:fixme:nsi:ipv6_forward_enumerate_all not implemented
0050:fixme:nsi:ipv6_forward_enumerate_all not implemented
0050:fixme:nsi:ipv6_forward_enumerate_all not implemented
0050:fixme:nsi:ipv6_forward_enumerate_all not implemented
0050:fixme:nsi:ipv6_forward_enumerate_all not implemented
01b4:fixme:wuapi:automatic_updates_Resume 
01b4:fixme:ver:GetCurrentPackageId (0012FE94 00000000): stub
01a0:fixme:ver:GetCurrentPackageId (0012FE94 00000000): stub
0194:fixme:ver:GetCurrentPackageId (0012FE94 00000000): stub
0050:fixme:nsi:ipv6_forward_enumerate_all not implemented
0050:fixme:nsi:ipv6_forward_enumerate_all not implemented
0050:fixme:nsi:ipv6_forward_enumerate_all not implemented
0050:fixme:nsi:ipv6_forward_enumerate_all not implemented
0050:fixme:nsi:ipv6_forward_enumerate_all not implemented
0050:fixme:nsi:ipv6_forward_enumerate_all not implemented
0050:fixme:nsi:ipv6_forward_enumerate_all not implemented
0050:fixme:nsi:ipv6_forward_enumerate_all not implemented
00c4:fixme:kernelbase:AppPolicyGetProcessTerminationMethod FFFFFFFFFFFFFFFA, 000000000011FD40
